-------------------------------------------------------------------------------
Test set: com.jio.rcs.operator.unit.TimingWheelSchedulerTest
-------------------------------------------------------------------------------
Tests run: 3, Failures: 1, Errors: 0, Skipped: 0, Time elapsed: 0.407 s <<< FAILURE! -- in com.jio.rcs.operator.unit.TimingWheelSchedulerTest
com.jio.rcs.operator.unit.TimingWheelSchedulerTest.firesATaskAtApproximatelyItsScheduledTime -- Time elapsed: 0.122 s <<< FAILURE!
java.lang.AssertionError: 

Expecting actual:
  88
to be between:
  [90, 1000]

	at com.jio.rcs.operator.unit.TimingWheelSchedulerTest.firesATaskAtApproximatelyItsScheduledTime(TimingWheelSchedulerTest.java:76)
	at java.base/java.lang.reflect.Method.invoke(Method.java:580)
	at java.base/java.util.ArrayList.forEach(ArrayList.java:1596)
	at java.base/java.util.ArrayList.forEach(ArrayList.java:1596)

