<?xml version="1.0" encoding="UTF-8"?>
<testsuite xmlns:xsi="http://www.w3.org/2001/XMLSchema-instance" xsi:noNamespaceSchemaLocation="https://maven.apache.org/surefire/maven-surefire-plugin/xsd/surefire-test-report-3.0.xsd" version="3.0" name="com.jio.rcs.operator.unit.wire.InstanceConfigLoaderTest" time="0.652" tests="14" errors="0" skipped="0" failures="0">
  <properties>
[...]
</properties>
  <testcase name="arbitraryNewInstanceFileWorksWithoutAnyCodeChange(Path)" classname="com.jio.rcs.operator.unit.wire.InstanceConfigLoaderTest" time="0.118">
    <system-out><![CDATA[2026-08-01 22:12:42.158 [callback-queue-dispatcher-11] INFO  c.j.r.o.callback.CallbackEngine - DLR delivered: message=SIMVED8F3JEZRCU status=SUBMITTED provider=vi url=https://webhook.cpaas.globeteleservices.com/api/rcs/webhook/vi httpStatus=200 attempt=1
2026-08-01 22:12:42.164 [callback-queue-dispatcher-14] INFO  c.j.r.o.callback.CallbackEngine - DLR delivered: message=dev_jio_msg_001 status=SUBMITTED provider=jio url=https://webhook.gtsstaging.com/api/rcs/webhook/jio httpStatus=200 attempt=1
2026-08-01 22:12:42.172 [callback-queue-dispatcher-13] INFO  c.j.r.o.callback.CallbackEngine - DLR delivered: message=SIMFUN14BO1FXON status=SUBMITTED provider=vi url=https://webhook.gtsstaging.com/api/rcs/webhook/vi httpStatus=200 attempt=1
2026-08-01 22:12:42.192 [callback-queue-dispatcher-18] WARN  c.j.r.o.callback.CallbackClient - Callback delivery to https://webhook.site/495dbf6e-cd14-48aa-a109-5b200c486993 failed: 429 Too many requests: "<!DOCTYPE html><EOL><html><EOL><head><EOL>    <title>Error: Request limit exceeded. Sign up to unlock more requests. - Webhook.site</title><EOL>    <link href="https://cdn.webhook.site/css/app.css" rel="stylesheet"><EOL></head><EOL><body><EOL><div class="container" style="padding: 50px"><EOL>    <div class="row"><EOL>        <div class="col-sm-12 text-center"><EOL>            <h1><img src="https://cdn.webhook.site/icon.png" alt="Webhook.site Logo" style="width:40px; margin-top: -5px"><EOL>                Webhook.site Error</h1><EOL><EOL>            <p class="lead">Request limit exceeded. Sign up to unlock more requests.</p><EOL>        </div><EOL>    </div><EOL>    <div class="row"><EOL>        <div class="col-sm-4 col-sm-offset-4 text-center"><EOL>                            <p><EOL>    This URL has been rate limited or blocked.<EOL>    This is either because it is not associated with<EOL>    a Webhook.site subscription, or the endpoint has a rate limit.<br><EOL>    <br><EOL>    To remove the request limit, you can upgrade to a Webhook.site subscription.<EOL>    <br><br><EOL>    If you are already subscribed and getting this error, please <a href="https://support.webhook.site">contact Webhook.site Support</a>.<EOL>    <br><br><EOL>            <a class="btn btn-lg btn-success"  href="/register">Sign Up Now</a><EOL>                    </p><EOL>                    </div><EOL>    </div><EOL>    <div class="row" style="margin-top: 40px"><EOL>        <div class="col-sm-12 text-center"><EOL>            <p class="small"><a href="/"><EOL>                    <i class="bi-house-fill"></i> Home</a><EOL>                &emsp;<EOL>                <a href="/control-panel"><EOL>                    <i class="bi-gear-fill"></i> Control Panel</a><EOL>                &emsp;<EOL>                <a href="/register"><EOL>                    <i class="bi-person-add"></i> Create Account</a><EOL>                &emsp;<EOL><EOL>                <a href="/login"><EOL>                    <i class="bi-door-open-fill"></i> Login</a></p><EOL>            <br><EOL>        </div><EOL>    </div><EOL></div><EOL></body><EOL></html><EOL>"
2026-08-01 22:12:42.193 [callback-queue-dispatcher-18] DEBUG c.j.r.o.callback.CallbackEngine - Scheduling callback retry #2 for message SIM9JQZFSM40C83 in 2000 ms
2026-08-01 22:12:42.196 [main] INFO  c.j.r.o.c.i.InstanceConfigLoader - Loading instance configuration from C:\Users\NAVJOT~1\AppData\Local\Temp\junit11571475450220801752
2026-08-01 22:12:42.198 [callback-queue-dispatcher-15] WARN  c.j.r.o.callback.CallbackClient - Callback delivery to https://webhook.site/495dbf6e-cd14-48aa-a109-5b200c486993 failed: 429 Too many requests: "<!DOCTYPE html><EOL><html><EOL><head><EOL>    <title>Error: Request limit exceeded. Sign up to unlock more requests. - Webhook.site</title><EOL>    <link href="https://cdn.webhook.site/css/app.css" rel="stylesheet"><EOL></head><EOL><body><EOL><div class="container" style="padding: 50px"><EOL>    <div class="row"><EOL>        <div class="col-sm-12 text-center"><EOL>            <h1><img src="https://cdn.webhook.site/icon.png" alt="Webhook.site Logo" style="width:40px; margin-top: -5px"><EOL>                Webhook.site Error</h1><EOL><EOL>            <p class="lead">Request limit exceeded. Sign up to unlock more requests.</p><EOL>        </div><EOL>    </div><EOL>    <div class="row"><EOL>        <div class="col-sm-4 col-sm-offset-4 text-center"><EOL>                            <p><EOL>    This URL has been rate limited or blocked.<EOL>    This is either because it is not associated with<EOL>    a Webhook.site subscription, or the endpoint has a rate limit.<br><EOL>    <br><EOL>    To remove the request limit, you can upgrade to a Webhook.site subscription.<EOL>    <br><br><EOL>    If you are already subscribed and getting this error, please <a href="https://support.webhook.site">contact Webhook.site Support</a>.<EOL>    <br><br><EOL>            <a class="btn btn-lg btn-success"  href="/register">Sign Up Now</a><EOL>                    </p><EOL>                    </div><EOL>    </div><EOL>    <div class="row" style="margin-top: 40px"><EOL>        <div class="col-sm-12 text-center"><EOL>            <p class="small"><a href="/"><EOL>                    <i class="bi-house-fill"></i> Home</a><EOL>                &emsp;<EOL>                <a href="/control-panel"><EOL>                    <i class="bi-gear-fill"></i> Control Panel</a><EOL>                &emsp;<EOL>                <a href="/register"><EOL>                    <i class="bi-person-add"></i> Create Account</a><EOL>                &emsp;<EOL><EOL>                <a href="/login"><EOL>                    <i class="bi-door-open-fill"></i> Login</a></p><EOL>            <br><EOL>        </div><EOL>    </div><EOL></div><EOL></body><EOL></html><EOL>"
2026-08-01 22:12:42.199 [callback-queue-dispatcher-15] DEBUG c.j.r.o.callback.CallbackEngine - Scheduling callback retry #2 for message SIMBMPMG749F9M8 in 2000 ms
2026-08-01 22:12:42.203 [callback-queue-dispatcher-14] WARN  c.j.r.o.callback.CallbackClient - Callback delivery to https://webhook.site/495dbf6e-cd14-48aa-a109-5b200c486993 failed: 429 Too many requests: "<!DOCTYPE html><EOL><html><EOL><head><EOL>    <title>Error: Request limit exceeded. Sign up to unlock more requests. - Webhook.site</title><EOL>    <link href="https://cdn.webhook.site/css/app.css" rel="stylesheet"><EOL></head><EOL><body><EOL><div class="container" style="padding: 50px"><EOL>    <div class="row"><EOL>        <div class="col-sm-12 text-center"><EOL>            <h1><img src="https://cdn.webhook.site/icon.png" alt="Webhook.site Logo" style="width:40px; margin-top: -5px"><EOL>                Webhook.site Error</h1><EOL><EOL>            <p class="lead">Request limit exceeded. Sign up to unlock more requests.</p><EOL>        </div><EOL>    </div><EOL>    <div class="row"><EOL>        <div class="col-sm-4 col-sm-offset-4 text-center"><EOL>                            <p><EOL>    This URL has been rate limited or blocked.<EOL>    This is either because it is not associated with<EOL>    a Webhook.site subscription, or the endpoint has a rate limit.<br><EOL>    <br><EOL>    To remove the request limit, you can upgrade to a Webhook.site subscription.<EOL>    <br><br><EOL>    If you are already subscribed and getting this error, please <a href="https://support.webhook.site">contact Webhook.site Support</a>.<EOL>    <br><br><EOL>            <a class="btn btn-lg btn-success"  href="/register">Sign Up Now</a><EOL>                    </p><EOL>                    </div><EOL>    </div><EOL>    <div class="row" style="margin-top: 40px"><EOL>        <div class="col-sm-12 text-center"><EOL>            <p class="small"><a href="/"><EOL>                    <i class="bi-house-fill"></i> Home</a><EOL>                &emsp;<EOL>                <a href="/control-panel"><EOL>                    <i class="bi-gear-fill"></i> Control Panel</a><EOL>                &emsp;<EOL>                <a href="/register"><EOL>                    <i class="bi-person-add"></i> Create Account</a><EOL>                &emsp;<EOL><EOL>                <a href="/login"><EOL>                    <i class="bi-door-open-fill"></i> Login</a></p><EOL>            <br><EOL>        </div><EOL>    </div><EOL></div><EOL></body><EOL></html><EOL>"
2026-08-01 22:12:42.204 [callback-queue-dispatcher-16] WARN  c.j.r.o.callback.CallbackClient - Callback delivery to https://webhook.site/495dbf6e-cd14-48aa-a109-5b200c486993 failed: 429 Too many requests: "<!DOCTYPE html><EOL><html><EOL><head><EOL>    <title>Error: Request limit exceeded. Sign up to unlock more requests. - Webhook.site</title><EOL>    <link href="https://cdn.webhook.site/css/app.css" rel="stylesheet"><EOL></head><EOL><body><EOL><div class="container" style="padding: 50px"><EOL>    <div class="row"><EOL>        <div class="col-sm-12 text-center"><EOL>            <h1><img src="https://cdn.webhook.site/icon.png" alt="Webhook.site Logo" style="width:40px; margin-top: -5px"><EOL>                Webhook.site Error</h1><EOL><EOL>            <p class="lead">Request limit exceeded. Sign up to unlock more requests.</p><EOL>        </div><EOL>    </div><EOL>    <div class="row"><EOL>        <div class="col-sm-4 col-sm-offset-4 text-center"><EOL>                            <p><EOL>    This URL has been rate limited or blocked.<EOL>    This is either because it is not associated with<EOL>    a Webhook.site subscription, or the endpoint has a rate limit.<br><EOL>    <br><EOL>    To remove the request limit, you can upgrade to a Webhook.site subscription.<EOL>    <br><br><EOL>    If you are already subscribed and getting this error, please <a href="https://support.webhook.site">contact Webhook.site Support</a>.<EOL>    <br><br><EOL>            <a class="btn btn-lg btn-success"  href="/register">Sign Up Now</a><EOL>                    </p><EOL>                    </div><EOL>    </div><EOL>    <div class="row" style="margin-top: 40px"><EOL>        <div class="col-sm-12 text-center"><EOL>            <p class="small"><a href="/"><EOL>                    <i class="bi-house-fill"></i> Home</a><EOL>                &emsp;<EOL>                <a href="/control-panel"><EOL>                    <i class="bi-gear-fill"></i> Control Panel</a><EOL>                &emsp;<EOL>                <a href="/register"><EOL>                    <i class="bi-person-add"></i> Create Account</a><EOL>                &emsp;<EOL><EOL>                <a href="/login"><EOL>                    <i class="bi-door-open-fill"></i> Login</a></p><EOL>            <br><EOL>        </div><EOL>    </div><EOL></div><EOL></body><EOL></html><EOL>"
2026-08-01 22:12:42.204 [callback-queue-dispatcher-14] DEBUG c.j.r.o.callback.CallbackEngine - Scheduling callback retry #2 for message SIM2QB16O5RA3MP in 2000 ms
2026-08-01 22:12:42.206 [callback-queue-dispatcher-16] DEBUG c.j.r.o.callback.CallbackEngine - Scheduling callback retry #2 for message SIMP3OEZO5HHX98 in 2000 ms
2026-08-01 22:12:42.209 [main] INFO  c.j.r.o.c.i.InstanceConfigLoader - Loaded instance: uat
2026-08-01 22:12:42.209 [main] INFO  c.j.r.o.c.i.InstanceConfigLoader - Loaded 1 CPaaS instance configuration(s)
2026-08-01 22:12:42.209 [callback-queue-dispatcher-17] WARN  c.j.r.o.callback.CallbackClient - Callback delivery to https://webhook.site/495dbf6e-cd14-48aa-a109-5b200c486993 failed: 429 Too many requests: "<!DOCTYPE html><EOL><html><EOL><head><EOL>    <title>Error: Request limit exceeded. Sign up to unlock more requests. - Webhook.site</title><EOL>    <link href="https://cdn.webhook.site/css/app.css" rel="stylesheet"><EOL></head><EOL><body><EOL><div class="container" style="padding: 50px"><EOL>    <div class="row"><EOL>        <div class="col-sm-12 text-center"><EOL>            <h1><img src="https://cdn.webhook.site/icon.png" alt="Webhook.site Logo" style="width:40px; margin-top: -5px"><EOL>                Webhook.site Error</h1><EOL><EOL>            <p class="lead">Request limit exceeded. Sign up to unlock more requests.</p><EOL>        </div><EOL>    </div><EOL>    <div class="row"><EOL>        <div class="col-sm-4 col-sm-offset-4 text-center"><EOL>                            <p><EOL>    This URL has been rate limited or blocked.<EOL>    This is either because it is not associated with<EOL>    a Webhook.site subscription, or the endpoint has a rate limit.<br><EOL>    <br><EOL>    To remove the request limit, you can upgrade to a Webhook.site subscription.<EOL>    <br><br><EOL>    If you are already subscribed and getting this error, please <a href="https://support.webhook.site">contact Webhook.site Support</a>.<EOL>    <br><br><EOL>            <a class="btn btn-lg btn-success"  href="/register">Sign Up Now</a><EOL>                    </p><EOL>                    </div><EOL>    </div><EOL>    <div class="row" style="margin-top: 40px"><EOL>        <div class="col-sm-12 text-center"><EOL>            <p class="small"><a href="/"><EOL>                    <i class="bi-house-fill"></i> Home</a><EOL>                &emsp;<EOL>                <a href="/control-panel"><EOL>                    <i class="bi-gear-fill"></i> Control Panel</a><EOL>                &emsp;<EOL>                <a href="/register"><EOL>                    <i class="bi-person-add"></i> Create Account</a><EOL>                &emsp;<EOL><EOL>                <a href="/login"><EOL>                    <i class="bi-door-open-fill"></i> Login</a></p><EOL>            <br><EOL>        </div><EOL>    </div><EOL></div><EOL></body><EOL></html><EOL>"
2026-08-01 22:12:42.211 [callback-queue-dispatcher-17] DEBUG c.j.r.o.callback.CallbackEngine - Scheduling callback retry #2 for message SIMAWTQ9W19M8IH in 2000 ms
2026-08-01 22:12:42.212 [callback-queue-dispatcher-7] WARN  c.j.r.o.callback.CallbackClient - Callback delivery to https://webhook.site/495dbf6e-cd14-48aa-a109-5b200c486993 failed: 429 Too many requests: "<!DOCTYPE html><EOL><html><EOL><head><EOL>    <title>Error: Request limit exceeded. Sign up to unlock more requests. - Webhook.site</title><EOL>    <link href="https://cdn.webhook.site/css/app.css" rel="stylesheet"><EOL></head><EOL><body><EOL><div class="container" style="padding: 50px"><EOL>    <div class="row"><EOL>        <div class="col-sm-12 text-center"><EOL>            <h1><img src="https://cdn.webhook.site/icon.png" alt="Webhook.site Logo" style="width:40px; margin-top: -5px"><EOL>                Webhook.site Error</h1><EOL><EOL>            <p class="lead">Request limit exceeded. Sign up to unlock more requests.</p><EOL>        </div><EOL>    </div><EOL>    <div class="row"><EOL>        <div class="col-sm-4 col-sm-offset-4 text-center"><EOL>                            <p><EOL>    This URL has been rate limited or blocked.<EOL>    This is either because it is not associated with<EOL>    a Webhook.site subscription, or the endpoint has a rate limit.<br><EOL>    <br><EOL>    To remove the request limit, you can upgrade to a Webhook.site subscription.<EOL>    <br><br><EOL>    If you are already subscribed and getting this error, please <a href="https://support.webhook.site">contact Webhook.site Support</a>.<EOL>    <br><br><EOL>            <a class="btn btn-lg btn-success"  href="/register">Sign Up Now</a><EOL>                    </p><EOL>                    </div><EOL>    </div><EOL>    <div class="row" style="margin-top: 40px"><EOL>        <div class="col-sm-12 text-center"><EOL>            <p class="small"><a href="/"><EOL>                    <i class="bi-house-fill"></i> Home</a><EOL>                &emsp;<EOL>                <a href="/control-panel"><EOL>                    <i class="bi-gear-fill"></i> Control Panel</a><EOL>                &emsp;<EOL>                <a href="/register"><EOL>                    <i class="bi-person-add"></i> Create Account</a><EOL>                &emsp;<EOL><EOL>                <a href="/login"><EOL>                    <i class="bi-door-open-fill"></i> Login</a></p><EOL>            <br><EOL>        </div><EOL>    </div><EOL></div><EOL></body><EOL></html><EOL>"
2026-08-01 22:12:42.215 [callback-queue-dispatcher-7] DEBUG c.j.r.o.callback.CallbackEngine - Scheduling callback retry #2 for message SIM9JQZFSM40C83 in 2000 ms
2026-08-01 22:12:42.224 [callback-queue-dispatcher-0] WARN  c.j.r.o.callback.CallbackClient - Callback delivery to https://webhook.site/495dbf6e-cd14-48aa-a109-5b200c486993 failed: 429 Too many requests: "<!DOCTYPE html><EOL><html><EOL><head><EOL>    <title>Error: Request limit exceeded. Sign up to unlock more requests. - Webhook.site</title><EOL>    <link href="https://cdn.webhook.site/css/app.css" rel="stylesheet"><EOL></head><EOL><body><EOL><div class="container" style="padding: 50px"><EOL>    <div class="row"><EOL>        <div class="col-sm-12 text-center"><EOL>            <h1><img src="https://cdn.webhook.site/icon.png" alt="Webhook.site Logo" style="width:40px; margin-top: -5px"><EOL>                Webhook.site Error</h1><EOL><EOL>            <p class="lead">Request limit exceeded. Sign up to unlock more requests.</p><EOL>        </div><EOL>    </div><EOL>    <div class="row"><EOL>        <div class="col-sm-4 col-sm-offset-4 text-center"><EOL>                            <p><EOL>    This URL has been rate limited or blocked.<EOL>    This is either because it is not associated with<EOL>    a Webhook.site subscription, or the endpoint has a rate limit.<br><EOL>    <br><EOL>    To remove the request limit, you can upgrade to a Webhook.site subscription.<EOL>    <br><br><EOL>    If you are already subscribed and getting this error, please <a href="https://support.webhook.site">contact Webhook.site Support</a>.<EOL>    <br><br><EOL>            <a class="btn btn-lg btn-success"  href="/register">Sign Up Now</a><EOL>                    </p><EOL>                    </div><EOL>    </div><EOL>    <div class="row" style="margin-top: 40px"><EOL>        <div class="col-sm-12 text-center"><EOL>            <p class="small"><a href="/"><EOL>                    <i class="bi-house-fill"></i> Home</a><EOL>                &emsp;<EOL>                <a href="/control-panel"><EOL>                    <i class="bi-gear-fill"></i> Control Panel</a><EOL>                &emsp;<EOL>                <a href="/register"><EOL>                    <i class="bi-person-add"></i> Create Account</a><EOL>                &emsp;<EOL><EOL>                <a href="/login"><EOL>                    <i class="bi-door-open-fill"></i> Login</a></p><EOL>            <br><EOL>        </div><EOL>    </div><EOL></div><EOL></body><EOL></html><EOL>"
2026-08-01 22:12:42.224 [callback-queue-dispatcher-0] DEBUG c.j.r.o.callback.CallbackEngine - Scheduling callback retry #2 for message SIMQ60ZTOVXVJPZ in 2000 ms
2026-08-01 22:12:42.225 [callback-queue-dispatcher-4] WARN  c.j.r.o.callback.CallbackClient - Callback delivery to https://webhook.site/495dbf6e-cd14-48aa-a109-5b200c486993 failed: 429 Too many requests: "<!DOCTYPE html><EOL><html><EOL><head><EOL>    <title>Error: Request limit exceeded. Sign up to unlock more requests. - Webhook.site</title><EOL>    <link href="https://cdn.webhook.site/css/app.css" rel="stylesheet"><EOL></head><EOL><body><EOL><div class="container" style="padding: 50px"><EOL>    <div class="row"><EOL>        <div class="col-sm-12 text-center"><EOL>            <h1><img src="https://cdn.webhook.site/icon.png" alt="Webhook.site Logo" style="width:40px; margin-top: -5px"><EOL>                Webhook.site Error</h1><EOL><EOL>            <p class="lead">Request limit exceeded. Sign up to unlock more requests.</p><EOL>        </div><EOL>    </div><EOL>    <div class="row"><EOL>        <div class="col-sm-4 col-sm-offset-4 text-center"><EOL>                            <p><EOL>    This URL has been rate limited or blocked.<EOL>    This is either because it is not associated with<EOL>    a Webhook.site subscription, or the endpoint has a rate limit.<br><EOL>    <br><EOL>    To remove the request limit, you can upgrade to a Webhook.site subscription.<EOL>    <br><br><EOL>    If you are already subscribed and getting this error, please <a href="https://support.webhook.site">contact Webhook.site Support</a>.<EOL>    <br><br><EOL>            <a class="btn btn-lg btn-success"  href="/register">Sign Up Now</a><EOL>                    </p><EOL>                    </div><EOL>    </div><EOL>    <div class="row" style="margin-top: 40px"><EOL>        <div class="col-sm-12 text-center"><EOL>            <p class="small"><a href="/"><EOL>                    <i class="bi-house-fill"></i> Home</a><EOL>                &emsp;<EOL>                <a href="/control-panel"><EOL>                    <i class="bi-gear-fill"></i> Control Panel</a><EOL>                &emsp;<EOL>                <a href="/register"><EOL>                    <i class="bi-person-add"></i> Create Account</a><EOL>                &emsp;<EOL><EOL>                <a href="/login"><EOL>                    <i class="bi-door-open-fill"></i> Login</a></p><EOL>            <br><EOL>        </div><EOL>    </div><EOL></div><EOL></body><EOL></html><EOL>"
2026-08-01 22:12:42.226 [callback-queue-dispatcher-4] DEBUG c.j.r.o.callback.CallbackEngine - Scheduling callback retry #2 for message SIMBMPMG749F9M8 in 2000 ms
2026-08-01 22:12:42.252 [dlr-queue-dispatcher-21] DEBUG c.j.r.o.processor.DlrQueueConsumer - DLR: message SIMVED8F3JEZRCU transitioned SUBMITTED -> DELIVERED
2026-08-01 22:12:42.253 [dlr-queue-dispatcher-21] DEBUG c.j.r.o.processor.DlrQueueConsumer - DLR: message SIMTY62WR5EVQWW transitioned SUBMITTED -> DELIVERED
2026-08-01 22:12:42.266 [dlr-queue-dispatcher-20] DEBUG c.j.r.o.processor.DlrQueueConsumer - DLR: message SIM10UDWWTB065U transitioned SUBMITTED -> DELIVERED
]]></system-out>
  </testcase>
  <testcase name="instanceWithOnlyOneProviderConfiguredLoadsSuccessfully(Path)" classname="com.jio.rcs.operator.unit.wire.InstanceConfigLoaderTest" time="0.047">
    <system-out><![CDATA[2026-08-01 22:12:42.294 [callback-queue-dispatcher-16] INFO  c.j.r.o.callback.CallbackEngine - DLR delivered: message=cerf_jio_msg_001 status=SUBMITTED provider=jio url=https://webhook.cerfsolutions.com/api/rcs/webhook/jio httpStatus=200 attempt=1
2026-08-01 22:12:42.295 [main] INFO  c.j.r.o.c.i.InstanceConfigLoader - Loading instance configuration from C:\Users\NAVJOT~1\AppData\Local\Temp\junit12171761472600426036
2026-08-01 22:12:42.301 [callback-queue-dispatcher-12] INFO  c.j.r.o.callback.CallbackEngine - DLR delivered: message=SIMTY62WR5EVQWW status=DELIVERED provider=vi url=https://webhook.cerfsolutions.com/api/rcs/webhook/vi httpStatus=200 attempt=1
2026-08-01 22:12:42.304 [main] INFO  c.j.r.o.c.i.InstanceConfigLoader - Loaded instance: uat
2026-08-01 22:12:42.304 [main] INFO  c.j.r.o.c.i.InstanceConfigLoader - Loaded 1 CPaaS instance configuration(s)
]]></system-out>
  </testcase>
  <testcase name="nonJsonFilesAreIgnored(Path)" classname="com.jio.rcs.operator.unit.wire.InstanceConfigLoaderTest" time="0.069">
    <system-out><![CDATA[2026-08-01 22:12:42.343 [dlr-queue-dispatcher-23] DEBUG c.j.r.o.processor.DlrQueueConsumer - DLR: message SIMFUN14BO1FXON transitioned SUBMITTED -> DELIVERED
2026-08-01 22:12:42.344 [dlr-queue-dispatcher-23] DEBUG c.j.r.o.processor.DlrQueueConsumer - DLR: message SIMVVPDZNCM018S transitioned SUBMITTED -> DELIVERED
2026-08-01 22:12:42.346 [dlr-queue-dispatcher-23] DEBUG c.j.r.o.processor.DlrQueueConsumer - DLR: message dev_jio_msg_001 transitioned SUBMITTED -> DELIVERED
2026-08-01 22:12:42.347 [main] INFO  c.j.r.o.c.i.InstanceConfigLoader - Loading instance configuration from C:\Users\NAVJOT~1\AppData\Local\Temp\junit9759844017865653299
2026-08-01 22:12:42.365 [main] INFO  c.j.r.o.c.i.InstanceConfigLoader - Loaded instance: dev
2026-08-01 22:12:42.365 [main] INFO  c.j.r.o.c.i.InstanceConfigLoader - Loaded 1 CPaaS instance configuration(s)
2026-08-01 22:12:42.375 [callback-queue-dispatcher-24] DEBUG c.j.r.o.callback.CallbackEngine - No callback URL configured for wire profile 'vi' (operator.wire.profiles.vi.callback-url); skipping webhook for message SIMVVPDZNCM018S
]]></system-out>
  </testcase>
  <testcase name="missingInstanceFieldIsRejected(Path)" classname="com.jio.rcs.operator.unit.wire.InstanceConfigLoaderTest" time="0.026">
    <system-out><![CDATA[2026-08-01 22:12:42.406 [main] INFO  c.j.r.o.c.i.InstanceConfigLoader - Loading instance configuration from C:\Users\NAVJOT~1\AppData\Local\Temp\junit16098748071930706123
]]></system-out>
  </testcase>
  <testcase name="disabledInstanceLoadsSuccessfully(Path)" classname="com.jio.rcs.operator.unit.wire.InstanceConfigLoaderTest" time="0.033">
    <system-out><![CDATA[2026-08-01 22:12:42.434 [dlr-queue-dispatcher-26] DEBUG c.j.r.o.processor.DlrQueueConsumer - DLR: message cerf_jio_msg_001 transitioned SUBMITTED -> DELIVERED
2026-08-01 22:12:42.435 [dlr-queue-dispatcher-26] DEBUG c.j.r.o.processor.DlrQueueConsumer - DLR: message SIM6YLSCENWXE6Q transitioned SUBMITTED -> DELIVERED
2026-08-01 22:12:42.435 [dlr-queue-dispatcher-26] DEBUG c.j.r.o.processor.DlrQueueConsumer - DLR: message SIMCS6G6HCZNJQR transitioned SUBMITTED -> DELIVERED
2026-08-01 22:12:42.435 [dlr-queue-dispatcher-26] DEBUG c.j.r.o.processor.DlrQueueConsumer - DLR: message SIMV01MQF5HIDU8 transitioned SUBMITTED -> DELIVERED
2026-08-01 22:12:42.437 [main] INFO  c.j.r.o.c.i.InstanceConfigLoader - Loading instance configuration from C:\Users\NAVJOT~1\AppData\Local\Temp\junit10001934055374194754
2026-08-01 22:12:42.445 [dlr-queue-dispatcher-43] DEBUG c.j.r.o.processor.DlrQueueConsumer - DLR: message SIMZGGC91DMVIKJ transitioned SUBMITTED -> DELIVERED
2026-08-01 22:12:42.446 [dlr-queue-dispatcher-43] DEBUG c.j.r.o.processor.DlrQueueConsumer - DLR: message SIM3ZYBA47KJCDN transitioned SUBMITTED -> DELIVERED
2026-08-01 22:12:42.450 [main] INFO  c.j.r.o.c.i.InstanceConfigLoader - Loaded instance: dev
2026-08-01 22:12:42.450 [main] INFO  c.j.r.o.c.i.InstanceConfigLoader - Loaded 1 CPaaS instance configuration(s)
2026-08-01 22:12:42.452 [callback-queue-dispatcher-44] DEBUG c.j.r.o.callback.CallbackEngine - No callback URL configured for wire profile 'airtel' (operator.wire.profiles.airtel.callback-url); skipping webhook for message SIMZGGC91DMVIKJ
2026-08-01 22:12:42.452 [callback-queue-dispatcher-44] DEBUG c.j.r.o.callback.CallbackEngine - No callback URL configured for wire profile 'dotgo' (operator.wire.profiles.dotgo.callback-url); skipping webhook for message SIM3ZYBA47KJCDN
]]></system-out>
  </testcase>
  <testcase name="blankCallbackUrlDoesNotFailLoading(Path)" classname="com.jio.rcs.operator.unit.wire.InstanceConfigLoaderTest" time="0.033">
    <system-out><![CDATA[2026-08-01 22:12:42.481 [main] INFO  c.j.r.o.c.i.InstanceConfigLoader - Loading instance configuration from C:\Users\NAVJOT~1\AppData\Local\Temp\junit17643761358013759700
2026-08-01 22:12:42.488 [main] INFO  c.j.r.o.c.i.InstanceConfigLoader - Loaded instance: uat
2026-08-01 22:12:42.488 [main] INFO  c.j.r.o.c.i.InstanceConfigLoader - Loaded 1 CPaaS instance configuration(s)
]]></system-out>
  </testcase>
  <testcase name="loadsMultipleInstanceFiles(Path)" classname="com.jio.rcs.operator.unit.wire.InstanceConfigLoaderTest" time="0.07">
    <system-out><![CDATA[2026-08-01 22:12:42.536 [dlr-queue-dispatcher-45] DEBUG c.j.r.o.processor.DlrQueueConsumer - DLR: message SIMBU0LCKDTYLNM transitioned SUBMITTED -> DELIVERED
2026-08-01 22:12:42.537 [dlr-queue-dispatcher-45] DEBUG c.j.r.o.processor.DlrQueueConsumer - DLR: message jio_test_msg_001 transitioned SUBMITTED -> DELIVERED
2026-08-01 22:12:42.537 [dlr-queue-dispatcher-45] DEBUG c.j.r.o.processor.DlrQueueConsumer - DLR: message SIM3T0T2WI4TR5S transitioned SUBMITTED -> DELIVERED
2026-08-01 22:12:42.538 [callback-queue-dispatcher-46] DEBUG c.j.r.o.callback.CallbackEngine - No callback URL configured for wire profile 'vi' (operator.wire.profiles.vi.callback-url); skipping webhook for message SIMBU0LCKDTYLNM
2026-08-01 22:12:42.539 [callback-queue-dispatcher-46] DEBUG c.j.r.o.callback.CallbackEngine - No callback URL configured for wire profile 'jio' (operator.wire.profiles.jio.callback-url); skipping webhook for message jio_test_msg_001
2026-08-01 22:12:42.539 [callback-queue-dispatcher-46] DEBUG c.j.r.o.callback.CallbackEngine - No callback URL configured for wire profile 'dotgo' (operator.wire.profiles.dotgo.callback-url); skipping webhook for message SIM3T0T2WI4TR5S
2026-08-01 22:12:42.543 [main] INFO  c.j.r.o.c.i.InstanceConfigLoader - Loading instance configuration from C:\Users\NAVJOT~1\AppData\Local\Temp\junit9143420607291152046
2026-08-01 22:12:42.554 [main] INFO  c.j.r.o.c.i.InstanceConfigLoader - Loaded instance: cerf
2026-08-01 22:12:42.555 [main] INFO  c.j.r.o.c.i.InstanceConfigLoader - Loaded instance: dev
2026-08-01 22:12:42.557 [main] INFO  c.j.r.o.c.i.InstanceConfigLoader - Loaded instance: staging
2026-08-01 22:12:42.557 [main] INFO  c.j.r.o.c.i.InstanceConfigLoader - Loaded 3 CPaaS instance configuration(s)
]]></system-out>
  </testcase>
  <testcase name="duplicateInstanceIdsAreDetected(Path)" classname="com.jio.rcs.operator.unit.wire.InstanceConfigLoaderTest" time="0.032">
    <system-out><![CDATA[2026-08-01 22:12:42.571 [callback-queue-dispatcher-20] WARN  c.j.r.o.callback.CallbackClient - Callback delivery to https://webhook.site/495dbf6e-cd14-48aa-a109-5b200c486993 failed: 429 Too many requests: "<!DOCTYPE html><EOL><html><EOL><head><EOL>    <title>Error: Request limit exceeded. Sign up to unlock more requests. - Webhook.site</title><EOL>    <link href="https://cdn.webhook.site/css/app.css" rel="stylesheet"><EOL></head><EOL><body><EOL><div class="container" style="padding: 50px"><EOL>    <div class="row"><EOL>        <div class="col-sm-12 text-center"><EOL>            <h1><img src="https://cdn.webhook.site/icon.png" alt="Webhook.site Logo" style="width:40px; margin-top: -5px"><EOL>                Webhook.site Error</h1><EOL><EOL>            <p class="lead">Request limit exceeded. Sign up to unlock more requests.</p><EOL>        </div><EOL>    </div><EOL>    <div class="row"><EOL>        <div class="col-sm-4 col-sm-offset-4 text-center"><EOL>                            <p><EOL>    This URL has been rate limited or blocked.<EOL>    This is either because it is not associated with<EOL>    a Webhook.site subscription, or the endpoint has a rate limit.<br><EOL>    <br><EOL>    To remove the request limit, you can upgrade to a Webhook.site subscription.<EOL>    <br><br><EOL>    If you are already subscribed and getting this error, please <a href="https://support.webhook.site">contact Webhook.site Support</a>.<EOL>    <br><br><EOL>            <a class="btn btn-lg btn-success"  href="/register">Sign Up Now</a><EOL>                    </p><EOL>                    </div><EOL>    </div><EOL>    <div class="row" style="margin-top: 40px"><EOL>        <div class="col-sm-12 text-center"><EOL>            <p class="small"><a href="/"><EOL>                    <i class="bi-house-fill"></i> Home</a><EOL>                &emsp;<EOL>                <a href="/control-panel"><EOL>                    <i class="bi-gear-fill"></i> Control Panel</a><EOL>                &emsp;<EOL>                <a href="/register"><EOL>                    <i class="bi-person-add"></i> Create Account</a><EOL>                &emsp;<EOL><EOL>                <a href="/login"><EOL>                    <i class="bi-door-open-fill"></i> Login</a></p><EOL>            <br><EOL>        </div><EOL>    </div><EOL></div><EOL></body><EOL></html><EOL>"
2026-08-01 22:12:42.572 [callback-queue-dispatcher-20] DEBUG c.j.r.o.callback.CallbackEngine - Scheduling callback retry #2 for message SIMVXDFDJ5J1TTU in 2000 ms
2026-08-01 22:12:42.584 [main] INFO  c.j.r.o.c.i.InstanceConfigLoader - Loading instance configuration from C:\Users\NAVJOT~1\AppData\Local\Temp\junit12846524644973513505
2026-08-01 22:12:42.591 [main] INFO  c.j.r.o.c.i.InstanceConfigLoader - Loaded instance: dev
]]></system-out>
  </testcase>
  <testcase name="invalidInstanceNameCharactersAreRejected(Path)" classname="com.jio.rcs.operator.unit.wire.InstanceConfigLoaderTest" time="0.024">
    <system-out><![CDATA[2026-08-01 22:12:42.614 [main] INFO  c.j.r.o.c.i.InstanceConfigLoader - Loading instance configuration from C:\Users\NAVJOT~1\AppData\Local\Temp\junit8117588034925756539
]]></system-out>
  </testcase>
  <testcase name="missingDirectoryYieldsNoInstancesWithoutThrowing(Path)" classname="com.jio.rcs.operator.unit.wire.InstanceConfigLoaderTest" time="0.009">
    <system-out><![CDATA[2026-08-01 22:12:42.635 [main] WARN  c.j.r.o.c.i.InstanceConfigLoader - Instance config directory 'C:\Users\NAVJOT~1\AppData\Local\Temp\junit14435455499028204946\does-not-exist' does not exist or is not a directory - no multi-instance wire routing is available until it is created (with instance *.json files inside) and the simulator is restarted; legacy /wire/{{provider}}/... routes are unaffected
]]></system-out>
  </testcase>
  <testcase name="blankInstanceNameIsRejected(Path)" classname="com.jio.rcs.operator.unit.wire.InstanceConfigLoaderTest" time="0.029">
    <system-out><![CDATA[2026-08-01 22:12:42.656 [main] INFO  c.j.r.o.c.i.InstanceConfigLoader - Loading instance configuration from C:\Users\NAVJOT~1\AppData\Local\Temp\junit3059372420502175664
2026-08-01 22:12:42.660 [callback-queue-dispatcher-23] WARN  c.j.r.o.callback.CallbackClient - Callback delivery to https://webhook.site/495dbf6e-cd14-48aa-a109-5b200c486993 failed: 429 Too many requests: "<!DOCTYPE html><EOL><html><EOL><head><EOL>    <title>Error: Request limit exceeded. Sign up to unlock more requests. - Webhook.site</title><EOL>    <link href="https://cdn.webhook.site/css/app.css" rel="stylesheet"><EOL></head><EOL><body><EOL><div class="container" style="padding: 50px"><EOL>    <div class="row"><EOL>        <div class="col-sm-12 text-center"><EOL>            <h1><img src="https://cdn.webhook.site/icon.png" alt="Webhook.site Logo" style="width:40px; margin-top: -5px"><EOL>                Webhook.site Error</h1><EOL><EOL>            <p class="lead">Request limit exceeded. Sign up to unlock more requests.</p><EOL>        </div><EOL>    </div><EOL>    <div class="row"><EOL>        <div class="col-sm-4 col-sm-offset-4 text-center"><EOL>                            <p><EOL>    This URL has been rate limited or blocked.<EOL>    This is either because it is not associated with<EOL>    a Webhook.site subscription, or the endpoint has a rate limit.<br><EOL>    <br><EOL>    To remove the request limit, you can upgrade to a Webhook.site subscription.<EOL>    <br><br><EOL>    If you are already subscribed and getting this error, please <a href="https://support.webhook.site">contact Webhook.site Support</a>.<EOL>    <br><br><EOL>            <a class="btn btn-lg btn-success"  href="/register">Sign Up Now</a><EOL>                    </p><EOL>                    </div><EOL>    </div><EOL>    <div class="row" style="margin-top: 40px"><EOL>        <div class="col-sm-12 text-center"><EOL>            <p class="small"><a href="/"><EOL>                    <i class="bi-house-fill"></i> Home</a><EOL>                &emsp;<EOL>                <a href="/control-panel"><EOL>                    <i class="bi-gear-fill"></i> Control Panel</a><EOL>                &emsp;<EOL>                <a href="/register"><EOL>                    <i class="bi-person-add"></i> Create Account</a><EOL>                &emsp;<EOL><EOL>                <a href="/login"><EOL>                    <i class="bi-door-open-fill"></i> Login</a></p><EOL>            <br><EOL>        </div><EOL>    </div><EOL></div><EOL></body><EOL></html><EOL>"
2026-08-01 22:12:42.661 [callback-queue-dispatcher-23] DEBUG c.j.r.o.callback.CallbackEngine - Scheduling callback retry #2 for message SIM3V38G6XWI1EO in 2000 ms
]]></system-out>
  </testcase>
  <testcase name="loadsSingleInstanceFile(Path)" classname="com.jio.rcs.operator.unit.wire.InstanceConfigLoaderTest" time="0.034">
    <system-out><![CDATA[2026-08-01 22:12:42.679 [main] INFO  c.j.r.o.c.i.InstanceConfigLoader - Loading instance configuration from C:\Users\NAVJOT~1\AppData\Local\Temp\junit1102362054005825809
2026-08-01 22:12:42.688 [main] INFO  c.j.r.o.c.i.InstanceConfigLoader - Loaded instance: dev
2026-08-01 22:12:42.689 [main] INFO  c.j.r.o.c.i.InstanceConfigLoader - Loaded 1 CPaaS instance configuration(s)
]]></system-out>
  </testcase>
  <testcase name="malformedJsonIsRejectedClearly(Path)" classname="com.jio.rcs.operator.unit.wire.InstanceConfigLoaderTest" time="0.069">
    <system-out><![CDATA[2026-08-01 22:12:42.731 [main] INFO  c.j.r.o.c.i.InstanceConfigLoader - Loading instance configuration from C:\Users\NAVJOT~1\AppData\Local\Temp\junit13833338165350496178
2026-08-01 22:12:42.757 [callback-queue-dispatcher-19] WARN  c.j.r.o.callback.CallbackClient - Callback delivery to https://webhook.site/495dbf6e-cd14-48aa-a109-5b200c486993 failed: 429 Too many requests: "<!DOCTYPE html><EOL><html><EOL><head><EOL>    <title>Error: Request limit exceeded. Sign up to unlock more requests. - Webhook.site</title><EOL>    <link href="https://cdn.webhook.site/css/app.css" rel="stylesheet"><EOL></head><EOL><body><EOL><div class="container" style="padding: 50px"><EOL>    <div class="row"><EOL>        <div class="col-sm-12 text-center"><EOL>            <h1><img src="https://cdn.webhook.site/icon.png" alt="Webhook.site Logo" style="width:40px; margin-top: -5px"><EOL>                Webhook.site Error</h1><EOL><EOL>            <p class="lead">Request limit exceeded. Sign up to unlock more requests.</p><EOL>        </div><EOL>    </div><EOL>    <div class="row"><EOL>        <div class="col-sm-4 col-sm-offset-4 text-center"><EOL>                            <p><EOL>    This URL has been rate limited or blocked.<EOL>    This is either because it is not associated with<EOL>    a Webhook.site subscription, or the endpoint has a rate limit.<br><EOL>    <br><EOL>    To remove the request limit, you can upgrade to a Webhook.site subscription.<EOL>    <br><br><EOL>    If you are already subscribed and getting this error, please <a href="https://support.webhook.site">contact Webhook.site Support</a>.<EOL>    <br><br><EOL>            <a class="btn btn-lg btn-success"  href="/register">Sign Up Now</a><EOL>                    </p><EOL>                    </div><EOL>    </div><EOL>    <div class="row" style="margin-top: 40px"><EOL>        <div class="col-sm-12 text-center"><EOL>            <p class="small"><a href="/"><EOL>                    <i class="bi-house-fill"></i> Home</a><EOL>                &emsp;<EOL>                <a href="/control-panel"><EOL>                    <i class="bi-gear-fill"></i> Control Panel</a><EOL>                &emsp;<EOL>                <a href="/register"><EOL>                    <i class="bi-person-add"></i> Create Account</a><EOL>                &emsp;<EOL><EOL>                <a href="/login"><EOL>                    <i class="bi-door-open-fill"></i> Login</a></p><EOL>            <br><EOL>        </div><EOL>    </div><EOL></div><EOL></body><EOL></html><EOL>"
2026-08-01 22:12:42.768 [callback-queue-dispatcher-19] DEBUG c.j.r.o.callback.CallbackEngine - Scheduling callback retry #2 for message SIM4HCCP7LMQ20M in 2000 ms
]]></system-out>
  </testcase>
  <testcase name="invalidCallbackUrlIsRejected(Path)" classname="com.jio.rcs.operator.unit.wire.InstanceConfigLoaderTest" time="0.019">
    <system-out><![CDATA[2026-08-01 22:12:42.789 [main] INFO  c.j.r.o.c.i.InstanceConfigLoader - Loading instance configuration from C:\Users\NAVJOT~1\AppData\Local\Temp\junit16289826991701410153
2026-08-01 22:12:42.790 [callback-queue-dispatcher-22] WARN  c.j.r.o.callback.CallbackClient - Callback delivery to https://webhook.site/495dbf6e-cd14-48aa-a109-5b200c486993 failed: 429 Too many requests: "<!DOCTYPE html><EOL><html><EOL><head><EOL>    <title>Error: Request limit exceeded. Sign up to unlock more requests. - Webhook.site</title><EOL>    <link href="https://cdn.webhook.site/css/app.css" rel="stylesheet"><EOL></head><EOL><body><EOL><div class="container" style="padding: 50px"><EOL>    <div class="row"><EOL>        <div class="col-sm-12 text-center"><EOL>            <h1><img src="https://cdn.webhook.site/icon.png" alt="Webhook.site Logo" style="width:40px; margin-top: -5px"><EOL>                Webhook.site Error</h1><EOL><EOL>            <p class="lead">Request limit exceeded. Sign up to unlock more requests.</p><EOL>        </div><EOL>    </div><EOL>    <div class="row"><EOL>        <div class="col-sm-4 col-sm-offset-4 text-center"><EOL>                            <p><EOL>    This URL has been rate limited or blocked.<EOL>    This is either because it is not associated with<EOL>    a Webhook.site subscription, or the endpoint has a rate limit.<br><EOL>    <br><EOL>    To remove the request limit, you can upgrade to a Webhook.site subscription.<EOL>    <br><br><EOL>    If you are already subscribed and getting this error, please <a href="https://support.webhook.site">contact Webhook.site Support</a>.<EOL>    <br><br><EOL>            <a class="btn btn-lg btn-success"  href="/register">Sign Up Now</a><EOL>                    </p><EOL>                    </div><EOL>    </div><EOL>    <div class="row" style="margin-top: 40px"><EOL>        <div class="col-sm-12 text-center"><EOL>            <p class="small"><a href="/"><EOL>                    <i class="bi-house-fill"></i> Home</a><EOL>                &emsp;<EOL>                <a href="/control-panel"><EOL>                    <i class="bi-gear-fill"></i> Control Panel</a><EOL>                &emsp;<EOL>                <a href="/register"><EOL>                    <i class="bi-person-add"></i> Create Account</a><EOL>                &emsp;<EOL><EOL>                <a href="/login"><EOL>                    <i class="bi-door-open-fill"></i> Login</a></p><EOL>            <br><EOL>        </div><EOL>    </div><EOL></div><EOL></body><EOL></html><EOL>"
2026-08-01 22:12:42.790 [callback-queue-dispatcher-22] DEBUG c.j.r.o.callback.CallbackEngine - Scheduling callback retry #2 for message SIMZAKTOHZETRH5 in 2000 ms
]]></system-out>
  </testcase>
</testsuite>