<?xml version="1.0" encoding="UTF-8"?>
<testsuite xmlns:xsi="http://www.w3.org/2001/XMLSchema-instance" xsi:noNamespaceSchemaLocation="https://maven.apache.org/surefire/maven-surefire-plugin/xsd/surefire-test-report-3.0.xsd" version="3.0" name="com.jio.rcs.operator.integration.MessageFlowIntegrationTest" time="6.007" tests="13" errors="0" skipped="0" failures="0">
  <properties>
[...]
</properties>
  <testcase name="uploadFileThenFetchesItBackViaPublicMediaLink" classname="com.jio.rcs.operator.integration.MessageFlowIntegrationTest" time="1.355">
    <system-out><![CDATA[21:17:19.154 [main] INFO org.springframework.test.context.support.AnnotationConfigContextLoaderUtils -- Could not detect default configuration classes for test class [com.jio.rcs.operator.integration.MessageFlowIntegrationTest]: MessageFlowIntegrationTest does not declare any static, non-private, non-final, nested classes annotated with @Configuration.
21:17:19.312 [main] INFO org.springframework.boot.test.context.SpringBootTestContextBootstrapper -- Found @SpringBootConfiguration com.jio.rcs.operator.JioRcsOperatorApplication for test class com.jio.rcs.operator.integration.MessageFlowIntegrationTest

  .   ____          _            __ _ _
 /\\ / ___'_ __ _ _(_)_ __  __ _ \ \ \ \
( ( )\___ | '_ | '_| | '_ \/ _` | \ \ \ \
 \\/  ___)| |_)| | | | | || (_| |  ) ) ) )
  '  |____| .__|_| |_|_| |_\__, | / / / /
 =========|_|==============|___/=/_/_/_/

 :: Spring Boot ::                (v3.3.4)

2026-07-18 21:17:19.788 [main] INFO  c.j.r.o.i.MessageFlowIntegrationTest - Starting MessageFlowIntegrationTest using Java 21.0.11 with PID 13556 (started by Navjot Singh in C:\Users\Navjot Singh\project\jio-rcs-operator)
2026-07-18 21:17:19.799 [main] DEBUG c.j.r.o.i.MessageFlowIntegrationTest - Running with Spring Boot v3.3.4, Spring v6.1.13
2026-07-18 21:17:19.799 [main] INFO  c.j.r.o.i.MessageFlowIntegrationTest - No active profile set, falling back to 1 default profile: "default"
2026-07-18 21:17:21.439 [main] INFO  c.j.r.o.registry.ClientRegistry - Loaded 2 client(s) into the in-memory client registry
2026-07-18 21:17:21.471 [main] INFO  c.j.r.o.queue.InMemoryQueueService - Started 2 dispatcher(s) for queue 'callback-queue'
2026-07-18 21:17:21.567 [main] INFO  c.j.r.o.queue.InMemoryQueueService - Started 2 dispatcher(s) for queue 'dlr-queue'
2026-07-18 21:17:21.567 [main] INFO  c.j.r.o.queue.InMemoryQueueService - Started 2 dispatcher(s) for queue 'incoming-queue'
2026-07-18 21:17:21.579 [main] INFO  c.j.r.o.queue.InMemoryQueueService - Started 2 dispatcher(s) for queue 'processing-queue'
2026-07-18 21:17:21.586 [main] INFO  c.j.r.o.queue.InMemoryQueueService - Started 2 dispatcher(s) for queue 'validation-queue'
2026-07-18 21:17:22.606 [main] DEBUG c.j.r.o.audit.AuditLoggingFilter - Filter 'auditLoggingFilter' configured for use
2026-07-18 21:17:22.606 [main] DEBUG c.j.r.operator.auth.BearerAuthFilter - Filter 'bearerAuthFilter' configured for use
2026-07-18 21:17:22.606 [main] INFO  o.s.b.t.m.w.SpringBootMockServletContext - Initializing Spring TestDispatcherServlet ''
2026-07-18 21:17:22.606 [main] INFO  o.s.t.w.s.TestDispatcherServlet - Initializing Servlet ''
2026-07-18 21:17:22.606 [main] INFO  o.s.t.w.s.TestDispatcherServlet - Completed initialization in 0 ms
2026-07-18 21:17:22.644 [main] INFO  c.j.r.o.i.MessageFlowIntegrationTest - Started MessageFlowIntegrationTest in 3.15 seconds (process running for 4.254)
2026-07-18 21:17:23.935 [main] INFO  c.j.r.o.s.impl.TokenServiceImpl - Issued access token for clientId=cpaas-demo-client expiring at 2026-07-18T16:47:23Z
2026-07-18 21:17:23.948 [callback-worker-1] INFO  c.j.r.operator.audit.AuditLogService - AUDIT correlationId=66704379-8068-4887-8f84-cad9563f0de7 method=POST uri=/oauth/token status=200 executionTimeMs=278 eventType=HTTP_EXCHANGE headers=[Content-Type=application/json;charset=UTF-8; Content-Length=92] requestBody={"clientId":"cpaas-demo-client","clientSecret":"secret123","grantType":"client_credentials"} responseBody={"access_token":"eyJhbGciOiJIUzM4NCJ9.eyJzdWIiOiJjcGFhcy1kZW1vLWNsaWVudCIsImFnZW50SWQiOiJhZ2VudC1kZW1vLTAwMSIsImlzcyI6Imppby1yY3Mtb3BlcmF0b3IiLCJpYXQiOjE3ODQzODk2NDMsImV4cCI6MTc4NDM5MzI0M30.6cjAdVppizUKz2mdeqdtZ93Vf7V1Mkmeh86vbnAv_lwQqNW-4rqFu9jtON5x6jMO","token_type":"Bearer","expires_in":3600,"expiry":"2026-07-18T16:47:23Z"}
2026-07-18 21:17:24.010 [main] INFO  c.j.r.o.c.MediaUploadController - Stored uploaded media MEDIAWSVJW2269XJ9X492 (4 bytes, image/png) for clientId=cpaas-demo-client
2026-07-18 21:17:24.015 [callback-worker-2] INFO  c.j.r.operator.audit.AuditLogService - AUDIT correlationId=bc950e1b-34a6-476f-84ea-23db6493c64c method=POST uri=/v1/media status=201 executionTimeMs=27 eventType=HTTP_EXCHANGE headers=[Content-Type=multipart/form-data;charset=UTF-8] requestBody= responseBody={"status":"SUCCESS","mediaId":"MEDIAWSVJW2269XJ9X492","fileUrl":"http://localhost/media/MEDIAWSVJW2269XJ9X492","fileName":"pixel.png","contentType":"image/png","fileSizeBytes":4,"uploadedAt":"2026-07-18T15:47:24.008416500Z","expiresAt":"2026-07-18T16:47:24.008416500Z"}
2026-07-18 21:17:24.025 [callback-worker-3] INFO  c.j.r.operator.audit.AuditLogService - AUDIT correlationId=bc9ab519-1911-4267-839e-70c174976b7a method=GET uri=/media/MEDIAWSVJW2269XJ9X492 status=200 executionTimeMs=0 eventType=HTTP_EXCHANGE headers=[] requestBody= responseBody=&amp#1;&amp#2;&amp#3;&amp#4;
]]></system-out>
    <system-err><![CDATA[WARNING: A Java agent has been loaded dynamically (C:\Users\Navjot Singh\.m2\repository\net\bytebuddy\byte-buddy-agent\1.14.19\byte-buddy-agent-1.14.19.jar)
WARNING: If a serviceability tool is in use, please run with -XX:+EnableDynamicAgentLoading to hide this warning
WARNING: If a serviceability tool is not in use, please run with -Djdk.instrument.traceUsage for more information
WARNING: Dynamic loading of agents will be disallowed by default in a future release
]]></system-err>
  </testcase>
  <testcase name="uploadFileRejectsUnsupportedContentType" classname="com.jio.rcs.operator.integration.MessageFlowIntegrationTest" time="0.081">
    <system-out><![CDATA[2026-07-18 21:17:24.098 [main] INFO  c.j.r.o.s.impl.TokenServiceImpl - Issued access token for clientId=cpaas-demo-client expiring at 2026-07-18T16:47:24Z
2026-07-18 21:17:24.105 [callback-worker-4] INFO  c.j.r.operator.audit.AuditLogService - AUDIT correlationId=6f5b7bf2-fe54-44d0-bd45-a29a76ca13be method=POST uri=/oauth/token status=200 executionTimeMs=55 eventType=HTTP_EXCHANGE headers=[Content-Type=application/json;charset=UTF-8; Content-Length=92] requestBody={"clientId":"cpaas-demo-client","clientSecret":"secret123","grantType":"client_credentials"} responseBody={"access_token":"eyJhbGciOiJIUzM4NCJ9.eyJzdWIiOiJjcGFhcy1kZW1vLWNsaWVudCIsImFnZW50SWQiOiJhZ2VudC1kZW1vLTAwMSIsImlzcyI6Imppby1yY3Mtb3BlcmF0b3IiLCJpYXQiOjE3ODQzODk2NDQsImV4cCI6MTc4NDM5MzI0NH0.DwYbck_fipf5QgnbQTxNn9FbvS0b0GpEataO_H1WBJ-dtA1FP59nzQhJcjKCc9pu","token_type":"Bearer","expires_in":3600,"expiry":"2026-07-18T16:47:24Z"}
2026-07-18 21:17:24.108 [main] WARN  c.j.r.o.e.GlobalExceptionHandler - Provider exception [UNSUPPORTED_MEDIA_TYPE]: content type 'text/plain' is not supported; allowed: [image/jpeg, image/jpg, image/gif, image/png, video/mp4, video/mpeg, video/mpeg4, video/webm, application/pdf]
2026-07-18 21:17:24.114 [callback-worker-1] INFO  c.j.r.operator.audit.AuditLogService - AUDIT correlationId=404fa832-4d04-4c03-8d6e-8f5bc6858951 method=POST uri=/v1/media status=415 executionTimeMs=3 eventType=HTTP_EXCHANGE headers=[Content-Type=multipart/form-data;charset=UTF-8] requestBody= responseBody={"timestamp":"2026-07-18T15:47:24.108554900Z","status":415,"error":"UNSUPPORTED_MEDIA_TYPE","message":"content type 'text/plain' is not supported; allowed: [image/jpeg, image/jpg, image/gif, image/png, video/mp4, video/mpeg, video/mpeg4, video/webm, application/pdf]","path":"/v1/media"}
]]></system-out>
  </testcase>
  <testcase name="sendingMessageWithoutTokenIsUnauthorized" classname="com.jio.rcs.operator.integration.MessageFlowIntegrationTest" time="0.014">
    <system-out><![CDATA[2026-07-18 21:17:24.116 [callback-worker-2] INFO  c.j.r.operator.audit.AuditLogService - AUDIT correlationId=3105adca-94ac-46f4-8b86-3d5ffb36d273 method=POST uri=/v1/messages status=401 executionTimeMs=0 eventType=HTTP_EXCHANGE headers=[Content-Type=application/json;charset=UTF-8; Content-Length=263] requestBody= responseBody=
]]></system-out>
  </testcase>
  <testcase name="rejectsSuggestionWithMismatchedActionPayload" classname="com.jio.rcs.operator.integration.MessageFlowIntegrationTest" time="0.189">
    <system-out><![CDATA[2026-07-18 21:17:24.203 [main] INFO  c.j.r.o.s.impl.TokenServiceImpl - Issued access token for clientId=cpaas-demo-client expiring at 2026-07-18T16:47:24Z
2026-07-18 21:17:24.205 [callback-worker-3] INFO  c.j.r.operator.audit.AuditLogService - AUDIT correlationId=054263e1-4d54-4ebc-b1eb-dd633b7d083f method=POST uri=/oauth/token status=200 executionTimeMs=73 eventType=HTTP_EXCHANGE headers=[Content-Type=application/json;charset=UTF-8; Content-Length=92] requestBody={"clientId":"cpaas-demo-client","clientSecret":"secret123","grantType":"client_credentials"} responseBody={"access_token":"eyJhbGciOiJIUzM4NCJ9.eyJzdWIiOiJjcGFhcy1kZW1vLWNsaWVudCIsImFnZW50SWQiOiJhZ2VudC1kZW1vLTAwMSIsImlzcyI6Imppby1yY3Mtb3BlcmF0b3IiLCJpYXQiOjE3ODQzODk2NDQsImV4cCI6MTc4NDM5MzI0NH0.DwYbck_fipf5QgnbQTxNn9FbvS0b0GpEataO_H1WBJ-dtA1FP59nzQhJcjKCc9pu","token_type":"Bearer","expires_in":3600,"expiry":"2026-07-18T16:47:24Z"}
2026-07-18 21:17:24.319 [callback-worker-4] INFO  c.j.r.operator.audit.AuditLogService - AUDIT correlationId=372a283d-c316-4f77-86fb-de28d1285906 method=POST uri=/v1/messages status=400 executionTimeMs=108 eventType=HTTP_EXCHANGE headers=[Content-Type=application/json;charset=UTF-8; Content-Length=455] requestBody={"agentId":"agent-demo-001","phoneNumber":"+919999999999","messageType":"TEXT","messageContent":"hello","richCard":null,"carousel":null,"media":null,"mediaPosition":null,"suggestions":[{"type":"OPEN_URL","displayText":"Visit site","postbackData":"visit_site","openUrlAction":null,"dialAction":null,"viewLocationAction":null,"calendarEventAction":null,"payloadValidForType":false}],"correlationId":null,"callbackUrl":null,"contentValidForMessageType":true} responseBody={"timestamp":"2026-07-18T15:47:24.319952500Z","status":400,"error":"VALIDATION_FAILED","message":"Request payload failed validation","path":"/v1/messages","details":["suggestions[0].payloadValidForType: the nested action payload must match the suggestion's type (e.g. openUrlAction is required and only valid when type=OPEN_URL)"]}
]]></system-out>
  </testcase>
  <testcase name="checkCapabilityReturnsDeterministicResultForSameNumber" classname="com.jio.rcs.operator.integration.MessageFlowIntegrationTest" time="0.126">
    <system-out><![CDATA[2026-07-18 21:17:24.398 [main] INFO  c.j.r.o.s.impl.TokenServiceImpl - Issued access token for clientId=cpaas-demo-client expiring at 2026-07-18T16:47:24Z
2026-07-18 21:17:24.398 [callback-worker-1] INFO  c.j.r.operator.audit.AuditLogService - AUDIT correlationId=a59c2d5a-d434-4f46-a0b4-fe015510db24 method=POST uri=/oauth/token status=200 executionTimeMs=61 eventType=HTTP_EXCHANGE headers=[Content-Type=application/json;charset=UTF-8; Content-Length=92] requestBody={"clientId":"cpaas-demo-client","clientSecret":"secret123","grantType":"client_credentials"} responseBody={"access_token":"eyJhbGciOiJIUzM4NCJ9.eyJzdWIiOiJjcGFhcy1kZW1vLWNsaWVudCIsImFnZW50SWQiOiJhZ2VudC1kZW1vLTAwMSIsImlzcyI6Imppby1yY3Mtb3BlcmF0b3IiLCJpYXQiOjE3ODQzODk2NDQsImV4cCI6MTc4NDM5MzI0NH0.DwYbck_fipf5QgnbQTxNn9FbvS0b0GpEataO_H1WBJ-dtA1FP59nzQhJcjKCc9pu","token_type":"Bearer","expires_in":3600,"expiry":"2026-07-18T16:47:24Z"}
2026-07-18 21:17:24.414 [callback-worker-2] INFO  c.j.r.operator.audit.AuditLogService - AUDIT correlationId=7ff0a3af-757e-4217-a906-44cf90f43842 method=POST uri=/v1/capability/check status=200 executionTimeMs=16 eventType=HTTP_EXCHANGE headers=[Content-Type=application/json;charset=UTF-8; Content-Length=58] requestBody={"agentId":"agent-demo-001","phoneNumber":"+919999999999"} responseBody={"phoneNumber":"+919999999999","rcsCapable":true,"agentId":"agent-demo-001","checkedAt":"2026-07-18T15:47:24.408794400Z"}
2026-07-18 21:17:24.414 [callback-worker-3] INFO  c.j.r.operator.audit.AuditLogService - AUDIT correlationId=68dc7535-fe0b-44fe-abc3-f0da31671cc9 method=POST uri=/v1/capability/check status=200 executionTimeMs=0 eventType=HTTP_EXCHANGE headers=[Content-Type=application/json;charset=UTF-8; Content-Length=58] requestBody={"agentId":"agent-demo-001","phoneNumber":"+919999999999"} responseBody={"phoneNumber":"+919999999999","rcsCapable":true,"agentId":"agent-demo-001","checkedAt":"2026-07-18T15:47:24.414738600Z"}
]]></system-out>
  </testcase>
  <testcase name="rejectsMessageWithInvalidPhoneNumber" classname="com.jio.rcs.operator.integration.MessageFlowIntegrationTest" time="0.069">
    <system-out><![CDATA[2026-07-18 21:17:24.529 [main] INFO  c.j.r.o.s.impl.TokenServiceImpl - Issued access token for clientId=cpaas-demo-client expiring at 2026-07-18T16:47:24Z
2026-07-18 21:17:24.529 [callback-worker-4] INFO  c.j.r.operator.audit.AuditLogService - AUDIT correlationId=d217e1b4-d618-4522-9aa4-a151f40200a8 method=POST uri=/oauth/token status=200 executionTimeMs=60 eventType=HTTP_EXCHANGE headers=[Content-Type=application/json;charset=UTF-8; Content-Length=92] requestBody={"clientId":"cpaas-demo-client","clientSecret":"secret123","grantType":"client_credentials"} responseBody={"access_token":"eyJhbGciOiJIUzM4NCJ9.eyJzdWIiOiJjcGFhcy1kZW1vLWNsaWVudCIsImFnZW50SWQiOiJhZ2VudC1kZW1vLTAwMSIsImlzcyI6Imppby1yY3Mtb3BlcmF0b3IiLCJpYXQiOjE3ODQzODk2NDQsImV4cCI6MTc4NDM5MzI0NH0.DwYbck_fipf5QgnbQTxNn9FbvS0b0GpEataO_H1WBJ-dtA1FP59nzQhJcjKCc9pu","token_type":"Bearer","expires_in":3600,"expiry":"2026-07-18T16:47:24Z"}
2026-07-18 21:17:24.538 [callback-worker-1] INFO  c.j.r.operator.audit.AuditLogService - AUDIT correlationId=6617e8f7-86b8-4a19-9d16-d2876319bfc9 method=POST uri=/v1/messages status=400 executionTimeMs=9 eventType=HTTP_EXCHANGE headers=[Content-Type=application/json;charset=UTF-8; Content-Length=261] requestBody={"agentId":"agent-demo-001","phoneNumber":"not-a-phone","messageType":"TEXT","messageContent":"hello","richCard":null,"carousel":null,"media":null,"mediaPosition":null,"suggestions":null,"correlationId":null,"callbackUrl":null,"contentValidForMessageType":true} responseBody={"timestamp":"2026-07-18T15:47:24.538928100Z","status":400,"error":"VALIDATION_FAILED","message":"Request payload failed validation","path":"/v1/messages","details":["phoneNumber: phoneNumber must be a valid MSISDN, e.g. +919999999999"]}
]]></system-out>
  </testcase>
  <testcase name="acceptsRichCardMessageWithSuggestions" classname="com.jio.rcs.operator.integration.MessageFlowIntegrationTest" time="0.086">
    <system-out><![CDATA[2026-07-18 21:17:24.593 [main] INFO  c.j.r.o.s.impl.TokenServiceImpl - Issued access token for clientId=cpaas-demo-client expiring at 2026-07-18T16:47:24Z
2026-07-18 21:17:24.593 [callback-worker-2] INFO  c.j.r.operator.audit.AuditLogService - AUDIT correlationId=7fc4d2cf-d374-4b2e-8ead-344c8f89d1c6 method=POST uri=/oauth/token status=200 executionTimeMs=49 eventType=HTTP_EXCHANGE headers=[Content-Type=application/json;charset=UTF-8; Content-Length=92] requestBody={"clientId":"cpaas-demo-client","clientSecret":"secret123","grantType":"client_credentials"} responseBody={"access_token":"eyJhbGciOiJIUzM4NCJ9.eyJzdWIiOiJjcGFhcy1kZW1vLWNsaWVudCIsImFnZW50SWQiOiJhZ2VudC1kZW1vLTAwMSIsImlzcyI6Imppby1yY3Mtb3BlcmF0b3IiLCJpYXQiOjE3ODQzODk2NDQsImV4cCI6MTc4NDM5MzI0NH0.DwYbck_fipf5QgnbQTxNn9FbvS0b0GpEataO_H1WBJ-dtA1FP59nzQhJcjKCc9pu","token_type":"Bearer","expires_in":3600,"expiry":"2026-07-18T16:47:24Z"}
2026-07-18 21:17:24.617 [main] INFO  c.j.r.o.processor.MessageProcessor - Accepted message JIOEUR5AJ2AG5JV for clientId=cpaas-demo-client agentId=agent-demo-001
2026-07-18 21:17:24.626 [callback-worker-3] INFO  c.j.r.operator.audit.AuditLogService - AUDIT correlationId=d6a40ee1-cd73-4725-aab7-ce5a1c50b5a1 method=POST uri=/v1/messages status=202 executionTimeMs=17 eventType=HTTP_EXCHANGE headers=[Content-Type=application/json;charset=UTF-8; Content-Length=758] requestBody={"agentId":"agent-demo-001","phoneNumber":"+919999999999","messageType":"RICH_CARD","messageContent":null,"richCard":{"orientation":"HORIZONTAL","thumbnailImageAlignment":"LEFT","cardHeight":"MEDIUM","content":{"title":"Summer Sale","description":"Up to 50% off","media":{"mediaType":"IMAGE","url":"https://example.com/banner.png","mediaId":null,"thumbnailUrl":null},"suggestions":[{"type":"OPEN_URL","displayText":"Visit site","postbackData":"visit_site","openUrlAction":{"url":"https://example.com"},"dialAction":null,"viewLocationAction":null,"calendarEventAction":null,"payloadValidForType":true}]}},"carousel":null,"media":null,"mediaPosition":null,"suggestions":null,"correlationId":"corr-richcard","callbackUrl":null,"contentValidForMessageType":true} responseBody={"status":"ACCEPTED","providerMessageId":"JIOEUR5AJ2AG5JV","correlationId":"corr-richcard","timestamp":"2026-07-18T15:47:24.617078500Z"}
]]></system-out>
  </testcase>
  <testcase name="rejectsTokenRequestForBlockedClient" classname="com.jio.rcs.operator.integration.MessageFlowIntegrationTest" time="0.005">
    <system-out><![CDATA[2026-07-18 21:17:24.632 [main] WARN  c.j.r.o.e.GlobalExceptionHandler - Provider exception [AUTH_FAILED]: Client is blocked
2026-07-18 21:17:24.633 [callback-worker-4] INFO  c.j.r.operator.audit.AuditLogService - AUDIT correlationId=7568774b-2d6b-454a-a0db-b25c0cc53032 method=POST uri=/oauth/token status=401 executionTimeMs=3 eventType=HTTP_EXCHANGE headers=[Content-Type=application/json;charset=UTF-8; Content-Length=96] requestBody={"clientId":"cpaas-blocked-client","clientSecret":"blocked123","grantType":"client_credentials"} responseBody={"timestamp":"2026-07-18T15:47:24.632142600Z","status":401,"error":"AUTH_FAILED","message":"Client is blocked","path":"/oauth/token"}
]]></system-out>
  </testcase>
  <testcase name="issuesTokenForValidClientCredentials" classname="com.jio.rcs.operator.integration.MessageFlowIntegrationTest" time="0.069">
    <system-out><![CDATA[2026-07-18 21:17:24.695 [main] INFO  c.j.r.o.s.impl.TokenServiceImpl - Issued access token for clientId=cpaas-demo-client expiring at 2026-07-18T16:47:24Z
2026-07-18 21:17:24.696 [callback-worker-1] INFO  c.j.r.operator.audit.AuditLogService - AUDIT correlationId=7e6698d0-a0c5-4194-99b4-87b2ff8bb96e method=POST uri=/oauth/token status=200 executionTimeMs=58 eventType=HTTP_EXCHANGE headers=[Content-Type=application/json;charset=UTF-8; Content-Length=92] requestBody={"clientId":"cpaas-demo-client","clientSecret":"secret123","grantType":"client_credentials"} responseBody={"access_token":"eyJhbGciOiJIUzM4NCJ9.eyJzdWIiOiJjcGFhcy1kZW1vLWNsaWVudCIsImFnZW50SWQiOiJhZ2VudC1kZW1vLTAwMSIsImlzcyI6Imppby1yY3Mtb3BlcmF0b3IiLCJpYXQiOjE3ODQzODk2NDQsImV4cCI6MTc4NDM5MzI0NH0.DwYbck_fipf5QgnbQTxNn9FbvS0b0GpEataO_H1WBJ-dtA1FP59nzQhJcjKCc9pu","token_type":"Bearer","expires_in":3600,"expiry":"2026-07-18T16:47:24Z"}
]]></system-out>
  </testcase>
  <testcase name="acceptsMediaMessageWithCaptionAndCalendarEventSuggestion" classname="com.jio.rcs.operator.integration.MessageFlowIntegrationTest" time="0.068">
    <system-out><![CDATA[2026-07-18 21:17:24.765 [main] INFO  c.j.r.o.s.impl.TokenServiceImpl - Issued access token for clientId=cpaas-demo-client expiring at 2026-07-18T16:47:24Z
2026-07-18 21:17:24.766 [callback-worker-2] INFO  c.j.r.operator.audit.AuditLogService - AUDIT correlationId=1fb66386-cf4c-493f-842f-4efa13a9cfa9 method=POST uri=/oauth/token status=200 executionTimeMs=60 eventType=HTTP_EXCHANGE headers=[Content-Type=application/json;charset=UTF-8; Content-Length=92] requestBody={"clientId":"cpaas-demo-client","clientSecret":"secret123","grantType":"client_credentials"} responseBody={"access_token":"eyJhbGciOiJIUzM4NCJ9.eyJzdWIiOiJjcGFhcy1kZW1vLWNsaWVudCIsImFnZW50SWQiOiJhZ2VudC1kZW1vLTAwMSIsImlzcyI6Imppby1yY3Mtb3BlcmF0b3IiLCJpYXQiOjE3ODQzODk2NDQsImV4cCI6MTc4NDM5MzI0NH0.DwYbck_fipf5QgnbQTxNn9FbvS0b0GpEataO_H1WBJ-dtA1FP59nzQhJcjKCc9pu","token_type":"Bearer","expires_in":3600,"expiry":"2026-07-18T16:47:24Z"}
2026-07-18 21:17:24.772 [main] INFO  c.j.r.o.processor.MessageProcessor - Accepted message JIOST8TBMRA27PC for clientId=cpaas-demo-client agentId=agent-demo-001
2026-07-18 21:17:24.772 [callback-worker-3] INFO  c.j.r.operator.audit.AuditLogService - AUDIT correlationId=cf4fbce5-0f21-41dc-ac00-033809f17082 method=POST uri=/v1/messages status=202 executionTimeMs=4 eventType=HTTP_EXCHANGE headers=[Content-Type=application/json;charset=UTF-8; Content-Length=729] requestBody={"agentId":"agent-demo-001","phoneNumber":"+919999999999","messageType":"MEDIA","messageContent":"Check out our new product document","richCard":null,"carousel":null,"media":{"mediaType":"FILE","url":"https://example.com/doc.pdf","mediaId":null,"thumbnailUrl":null},"mediaPosition":null,"suggestions":[{"type":"CREATE_CALENDAR_EVENT","displayText":"Add to calendar","postbackData":"add_event","openUrlAction":null,"dialAction":null,"viewLocationAction":null,"calendarEventAction":{"title":"Product Launch","description":null,"startTime":"2026-08-01T10:00:00","endTime":"2026-08-01T11:00:00","timeZone":"Asia/Kolkata"},"payloadValidForType":true}],"correlationId":"corr-media","callbackUrl":null,"contentValidForMessageType":true} responseBody={"status":"ACCEPTED","providerMessageId":"JIOST8TBMRA27PC","correlationId":"corr-media","timestamp":"2026-07-18T15:47:24.771769500Z"}
]]></system-out>
  </testcase>
  <testcase name="acceptsCarouselMessageWithMultipleCards" classname="com.jio.rcs.operator.integration.MessageFlowIntegrationTest" time="0.068">
    <system-out><![CDATA[2026-07-18 21:17:24.833 [main] INFO  c.j.r.o.s.impl.TokenServiceImpl - Issued access token for clientId=cpaas-demo-client expiring at 2026-07-18T16:47:24Z
2026-07-18 21:17:24.834 [callback-worker-4] INFO  c.j.r.operator.audit.AuditLogService - AUDIT correlationId=55c132c6-41f8-41a2-8919-19e0acedaa73 method=POST uri=/oauth/token status=200 executionTimeMs=59 eventType=HTTP_EXCHANGE headers=[Content-Type=application/json;charset=UTF-8; Content-Length=92] requestBody={"clientId":"cpaas-demo-client","clientSecret":"secret123","grantType":"client_credentials"} responseBody={"access_token":"eyJhbGciOiJIUzM4NCJ9.eyJzdWIiOiJjcGFhcy1kZW1vLWNsaWVudCIsImFnZW50SWQiOiJhZ2VudC1kZW1vLTAwMSIsImlzcyI6Imppby1yY3Mtb3BlcmF0b3IiLCJpYXQiOjE3ODQzODk2NDQsImV4cCI6MTc4NDM5MzI0NH0.DwYbck_fipf5QgnbQTxNn9FbvS0b0GpEataO_H1WBJ-dtA1FP59nzQhJcjKCc9pu","token_type":"Bearer","expires_in":3600,"expiry":"2026-07-18T16:47:24Z"}
2026-07-18 21:17:24.840 [main] INFO  c.j.r.o.processor.MessageProcessor - Accepted message JIOELT290X8JUT0 for clientId=cpaas-demo-client agentId=agent-demo-001
2026-07-18 21:17:24.841 [callback-worker-1] INFO  c.j.r.operator.audit.AuditLogService - AUDIT correlationId=1df96659-32f6-4863-928b-9dc1378b6f60 method=POST uri=/v1/messages status=202 executionTimeMs=4 eventType=HTTP_EXCHANGE headers=[Content-Type=application/json;charset=UTF-8; Content-Length=632] requestBody={"agentId":"agent-demo-001","phoneNumber":"+919999999999","messageType":"CAROUSEL","messageContent":null,"richCard":null,"carousel":{"cardWidth":"MEDIUM","cards":[{"title":"Card 1","description":"First card","media":{"mediaType":"IMAGE","url":"https://example.com/1.png","mediaId":null,"thumbnailUrl":null},"suggestions":null},{"title":"Card 2","description":"Second card","media":{"mediaType":"IMAGE","url":"https://example.com/2.png","mediaId":null,"thumbnailUrl":null},"suggestions":null}]},"media":null,"mediaPosition":null,"suggestions":null,"correlationId":"corr-carousel","callbackUrl":null,"contentValidForMessageType":true} responseBody={"status":"ACCEPTED","providerMessageId":"JIOELT290X8JUT0","correlationId":"corr-carousel","timestamp":"2026-07-18T15:47:24.840506400Z"}
]]></system-out>
  </testcase>
  <testcase name="acceptsValidTextMessageAndReturnsProviderMessageId" classname="com.jio.rcs.operator.integration.MessageFlowIntegrationTest" time="0.074">
    <system-out><![CDATA[2026-07-18 21:17:24.904 [main] INFO  c.j.r.o.s.impl.TokenServiceImpl - Issued access token for clientId=cpaas-demo-client expiring at 2026-07-18T16:47:24Z
2026-07-18 21:17:24.905 [callback-worker-2] INFO  c.j.r.operator.audit.AuditLogService - AUDIT correlationId=38e0bd12-0853-4f22-9dd8-1711c8bdc796 method=POST uri=/oauth/token status=200 executionTimeMs=60 eventType=HTTP_EXCHANGE headers=[Content-Type=application/json;charset=UTF-8; Content-Length=92] requestBody={"clientId":"cpaas-demo-client","clientSecret":"secret123","grantType":"client_credentials"} responseBody={"access_token":"eyJhbGciOiJIUzM4NCJ9.eyJzdWIiOiJjcGFhcy1kZW1vLWNsaWVudCIsImFnZW50SWQiOiJhZ2VudC1kZW1vLTAwMSIsImlzcyI6Imppby1yY3Mtb3BlcmF0b3IiLCJpYXQiOjE3ODQzODk2NDQsImV4cCI6MTc4NDM5MzI0NH0.DwYbck_fipf5QgnbQTxNn9FbvS0b0GpEataO_H1WBJ-dtA1FP59nzQhJcjKCc9pu","token_type":"Bearer","expires_in":3600,"expiry":"2026-07-18T16:47:24Z"}
2026-07-18 21:17:24.908 [main] INFO  c.j.r.o.processor.MessageProcessor - Accepted message JIO4QHPMB7B2LOP for clientId=cpaas-demo-client agentId=agent-demo-001
2026-07-18 21:17:24.909 [callback-worker-3] INFO  c.j.r.operator.audit.AuditLogService - AUDIT correlationId=21491222-033c-4b2c-b613-cfd1e84a38a9 method=POST uri=/v1/messages status=202 executionTimeMs=4 eventType=HTTP_EXCHANGE headers=[Content-Type=application/json;charset=UTF-8; Content-Length=282] requestBody={"agentId":"agent-demo-001","phoneNumber":"+919999999999","messageType":"TEXT","messageContent":"hello from CPaaS","richCard":null,"carousel":null,"media":null,"mediaPosition":null,"suggestions":null,"correlationId":"corr-12345","callbackUrl":null,"contentValidForMessageType":true} responseBody={"status":"ACCEPTED","providerMessageId":"JIO4QHPMB7B2LOP","correlationId":"corr-12345","timestamp":"2026-07-18T15:47:24.908509300Z"}
2026-07-18 21:17:24.916 [callback-worker-4] INFO  c.j.r.operator.audit.AuditLogService - AUDIT correlationId=c5215fb5-b1ea-49b0-9a99-95f9a021e901 method=GET uri=/v1/messages/JIO4QHPMB7B2LOP status=200 executionTimeMs=5 eventType=HTTP_EXCHANGE headers=[] requestBody= responseBody={"providerMessageId":"JIO4QHPMB7B2LOP","correlationId":"corr-12345","agentId":"agent-demo-001","phoneNumber":"+919999999999","status":"ACCEPTED","errorCode":null,"errorDescription":null,"acceptedAt":"2026-07-18T15:47:24.908509300Z","lastUpdatedAt":"2026-07-18T15:47:24.908509300Z","history":[]}
]]></system-out>
  </testcase>
  <testcase name="rejectsTextMessageMissingMessageContent" classname="com.jio.rcs.operator.integration.MessageFlowIntegrationTest" time="0.063">
    <system-out><![CDATA[2026-07-18 21:17:24.975 [main] INFO  c.j.r.o.s.impl.TokenServiceImpl - Issued access token for clientId=cpaas-demo-client expiring at 2026-07-18T16:47:24Z
2026-07-18 21:17:24.976 [callback-worker-1] INFO  c.j.r.operator.audit.AuditLogService - AUDIT correlationId=10235419-6739-42cf-a923-3f83692f0d9d method=POST uri=/oauth/token status=200 executionTimeMs=57 eventType=HTTP_EXCHANGE headers=[Content-Type=application/json;charset=UTF-8; Content-Length=92] requestBody={"clientId":"cpaas-demo-client","clientSecret":"secret123","grantType":"client_credentials"} responseBody={"access_token":"eyJhbGciOiJIUzM4NCJ9.eyJzdWIiOiJjcGFhcy1kZW1vLWNsaWVudCIsImFnZW50SWQiOiJhZ2VudC1kZW1vLTAwMSIsImlzcyI6Imppby1yY3Mtb3BlcmF0b3IiLCJpYXQiOjE3ODQzODk2NDQsImV4cCI6MTc4NDM5MzI0NH0.DwYbck_fipf5QgnbQTxNn9FbvS0b0GpEataO_H1WBJ-dtA1FP59nzQhJcjKCc9pu","token_type":"Bearer","expires_in":3600,"expiry":"2026-07-18T16:47:24Z"}
2026-07-18 21:17:24.979 [callback-worker-2] INFO  c.j.r.operator.audit.AuditLogService - AUDIT correlationId=07228798-41e3-42d4-a353-e87cfe0f24ff method=POST uri=/v1/messages status=400 executionTimeMs=2 eventType=HTTP_EXCHANGE headers=[Content-Type=application/json;charset=UTF-8; Content-Length=261] requestBody={"agentId":"agent-demo-001","phoneNumber":"+919999999999","messageType":"TEXT","messageContent":null,"richCard":null,"carousel":null,"media":null,"mediaPosition":null,"suggestions":null,"correlationId":null,"callbackUrl":null,"contentValidForMessageType":false} responseBody={"timestamp":"2026-07-18T15:47:24.979734900Z","status":400,"error":"VALIDATION_FAILED","message":"Request payload failed validation","path":"/v1/messages","details":["contentValidForMessageType: exactly the field matching messageType must be populated (messageContent for TEXT, richCard for RICH_CARD, carousel for CAROUSEL, media for MEDIA), and message-level suggestions are only valid for TEXT/MEDIA"]}
]]></system-out>
  </testcase>
</testsuite>