<?xml version="1.0" encoding="UTF-8"?>
<testsuite xmlns:xsi="http://www.w3.org/2001/XMLSchema-instance" xsi:noNamespaceSchemaLocation="https://maven.apache.org/surefire/maven-surefire-plugin/xsd/surefire-test-report-3.0.xsd" version="3.0" name="com.jio.rcs.operator.integration.MessageFlowIntegrationTest" time="6.809" tests="16" errors="0" skipped="0" failures="0">
  <properties>
[...]
</properties>
  <testcase name="uploadFileThenFetchesItBackViaPublicMediaLink" classname="com.jio.rcs.operator.integration.MessageFlowIntegrationTest" time="1.559">
    <system-out><![CDATA[22:12:30.518 [main] INFO org.springframework.test.context.support.AnnotationConfigContextLoaderUtils -- Could not detect default configuration classes for test class [com.jio.rcs.operator.integration.MessageFlowIntegrationTest]: MessageFlowIntegrationTest does not declare any static, non-private, non-final, nested classes annotated with @Configuration.
22:12:30.682 [main] INFO org.springframework.boot.test.context.SpringBootTestContextBootstrapper -- Found @SpringBootConfiguration com.jio.rcs.operator.RcsSimulatorApplication for test class com.jio.rcs.operator.integration.MessageFlowIntegrationTest

  .   ____          _            __ _ _
 /\\ / ___'_ __ _ _(_)_ __  __ _ \ \ \ \
( ( )\___ | '_ | '_| | '_ \/ _` | \ \ \ \
 \\/  ___)| |_)| | | | | || (_| |  ) ) ) )
  '  |____| .__|_| |_|_| |_\__, | / / / /
 =========|_|==============|___/=/_/_/_/

 :: Spring Boot ::                (v3.3.4)

2026-08-01 22:12:31.150 [main] INFO  c.j.r.o.i.MessageFlowIntegrationTest - Starting MessageFlowIntegrationTest using Java 21.0.11 with PID 6680 (started by Navjot Singh in C:\Users\Navjot Singh\project\RCS Simulator)
2026-08-01 22:12:31.150 [main] DEBUG c.j.r.o.i.MessageFlowIntegrationTest - Running with Spring Boot v3.3.4, Spring v6.1.13
2026-08-01 22:12:31.150 [main] INFO  c.j.r.o.i.MessageFlowIntegrationTest - No active profile set, falling back to 1 default profile: "default"
2026-08-01 22:12:33.849 [main] INFO  c.j.r.o.s.TimingWheelScheduler - Timing wheel scheduler started: wheelSize=512 tickDurationMillis=100 workerCount=16 (one revolution spans 51200ms)
2026-08-01 22:12:33.916 [main] INFO  c.j.r.o.queue.InMemoryQueueService - Started 512 virtual-thread dispatcher(s) for queue 'callback-queue' on its own dedicated executor
2026-08-01 22:12:33.922 [main] WARN  c.j.r.o.c.i.InstanceConfigLoader - Instance config directory '\config\instances' does not exist or is not a directory - no multi-instance wire routing is available until it is created (with instance *.json files inside) and the simulator is restarted; legacy /wire/{{provider}}/... routes are unaffected
2026-08-01 22:12:34.024 [main] INFO  c.j.r.o.queue.InMemoryQueueService - Started 512 virtual-thread dispatcher(s) for queue 'dlr-queue' on its own dedicated executor
2026-08-01 22:12:34.045 [main] INFO  c.j.r.o.queue.InMemoryQueueService - Started 2000 virtual-thread dispatcher(s) for queue 'incoming-queue' on its own dedicated executor
2026-08-01 22:12:34.051 [main] INFO  c.j.r.o.queue.InMemoryQueueService - Started 256 virtual-thread dispatcher(s) for queue 'processing-queue' on its own dedicated executor
2026-08-01 22:12:34.060 [main] INFO  c.j.r.o.queue.InMemoryQueueService - Started 256 virtual-thread dispatcher(s) for queue 'validation-queue' on its own dedicated executor
2026-08-01 22:12:35.127 [main] INFO  o.s.b.t.m.w.SpringBootMockServletContext - Initializing Spring TestDispatcherServlet ''
2026-08-01 22:12:35.127 [main] INFO  o.s.t.w.s.TestDispatcherServlet - Initializing Servlet ''
2026-08-01 22:12:35.130 [main] INFO  o.s.t.w.s.TestDispatcherServlet - Completed initialization in 1 ms
2026-08-01 22:12:35.175 [main] INFO  c.j.r.o.i.MessageFlowIntegrationTest - Started MessageFlowIntegrationTest in 4.338 seconds (process running for 5.544)
2026-08-01 22:12:35.181 [main] INFO  c.j.r.o.c.QueueWorkerConfigReporter - Queue Worker Configuration
  Incoming    : 2000
  Validation  : 256
  Processing  : 256
  DLR         : 512
  Callback    : 512
  Scheduler   : 16
2026-08-01 22:12:36.619 [main] INFO  c.j.r.o.c.MediaUploadController - Stored uploaded media MEDIAEG600ZY6364BKRBN (4 bytes, image/png)
]]></system-out>
    <system-err><![CDATA[WARNING: A Java agent has been loaded dynamically (C:\Users\Navjot Singh\.m2\repository\net\bytebuddy\byte-buddy-agent\1.14.19\byte-buddy-agent-1.14.19.jar)
WARNING: If a serviceability tool is in use, please run with -XX:+EnableDynamicAgentLoading to hide this warning
WARNING: If a serviceability tool is not in use, please run with -Djdk.instrument.traceUsage for more information
WARNING: Dynamic loading of agents will be disallowed by default in a future release
]]></system-err>
  </testcase>
  <testcase name="acceptsMessageMissingContent" classname="com.jio.rcs.operator.integration.MessageFlowIntegrationTest" time="0.053">
    <system-out><![CDATA[2026-08-01 22:12:36.821 [main] DEBUG c.j.r.o.processor.MessageProcessor - Accepted message SIMQ60ZTOVXVJPZ for agentId=agent-demo-001 providerProfile=null
]]></system-out>
  </testcase>
  <testcase name="uploadFileRejectsUnsupportedContentType" classname="com.jio.rcs.operator.integration.MessageFlowIntegrationTest" time="0.028">
    <system-out><![CDATA[2026-08-01 22:12:36.845 [main] WARN  c.j.r.o.e.GlobalExceptionHandler - Provider exception [UNSUPPORTED_MEDIA_TYPE]: content type 'text/plain' is not supported; allowed: [image/jpeg, image/jpg, image/gif, image/png, video/mp4, video/mpeg, video/mpeg4, video/webm, application/pdf]
]]></system-out>
  </testcase>
  <testcase name="acceptsACompletelyEmptyMessageBody" classname="com.jio.rcs.operator.integration.MessageFlowIntegrationTest" time="0.005">
    <system-out><![CDATA[2026-08-01 22:12:36.861 [main] DEBUG c.j.r.o.processor.MessageProcessor - Accepted message SIMAWTQ9W19M8IH for agentId=null providerProfile=null
]]></system-out>
  </testcase>
  <testcase name="healthEndpointReflectsTheSingleConfiguredProviderIdentity" classname="com.jio.rcs.operator.integration.MessageFlowIntegrationTest" time="0.011"/>
  <testcase name="acceptsMessageMissingMessageType" classname="com.jio.rcs.operator.integration.MessageFlowIntegrationTest" time="0.008">
    <system-out><![CDATA[2026-08-01 22:12:36.883 [main] DEBUG c.j.r.o.processor.MessageProcessor - Accepted message SIM2QB16O5RA3MP for agentId=agent-demo-001 providerProfile=null
]]></system-out>
  </testcase>
  <testcase name="acceptsContentEvenWhenItDoesNotMatchMessageTypeSemantically" classname="com.jio.rcs.operator.integration.MessageFlowIntegrationTest" time="0.007">
    <system-out><![CDATA[2026-08-01 22:12:36.892 [main] DEBUG c.j.r.o.processor.MessageProcessor - Accepted message SIMBMPMG749F9M8 for agentId=agent-demo-001 providerProfile=null
]]></system-out>
  </testcase>
  <testcase name="acceptsAnEntirelyMadeUpContentShapeNeverContemplatedByTheSimulator" classname="com.jio.rcs.operator.integration.MessageFlowIntegrationTest" time="0.009">
    <system-out><![CDATA[2026-08-01 22:12:36.903 [main] DEBUG c.j.r.o.processor.MessageProcessor - Accepted message SIMP3OEZO5HHX98 for agentId=agent-demo-001 providerProfile=null
]]></system-out>
  </testcase>
  <testcase name="checkCapabilityReturnsDeterministicResultForSameNumber" classname="com.jio.rcs.operator.integration.MessageFlowIntegrationTest" time="0.117"/>
  <testcase name="acceptsAnInvalidLookingPhoneNumberSinceNothingIsValidatedAnymore" classname="com.jio.rcs.operator.integration.MessageFlowIntegrationTest" time="0.008">
    <system-out><![CDATA[2026-08-01 22:12:37.033 [main] DEBUG c.j.r.o.processor.MessageProcessor - Accepted message SIM9JQZFSM40C83 for agentId=agent-demo-001 providerProfile=null
]]></system-out>
  </testcase>
  <testcase name="acceptsValidTextMessageAndReturnsProviderMessageId" classname="com.jio.rcs.operator.integration.MessageFlowIntegrationTest" time="0.023">
    <system-out><![CDATA[2026-08-01 22:12:37.035 [main] DEBUG c.j.r.o.processor.MessageProcessor - Accepted message SIMZAKTOHZETRH5 for agentId=agent-demo-001 providerProfile=null
]]></system-out>
  </testcase>
  <testcase name="acceptsRichCardShapedContent" classname="com.jio.rcs.operator.integration.MessageFlowIntegrationTest" time="0.002">
    <system-out><![CDATA[2026-08-01 22:12:37.062 [main] DEBUG c.j.r.o.processor.MessageProcessor - Accepted message SIM3V38G6XWI1EO for agentId=agent-demo-001 providerProfile=null
]]></system-out>
  </testcase>
  <testcase name="acceptsMediaShapedContentWithCalendarSuggestion" classname="com.jio.rcs.operator.integration.MessageFlowIntegrationTest" time="0.0">
    <system-out><![CDATA[2026-08-01 22:12:37.062 [main] DEBUG c.j.r.o.processor.MessageProcessor - Accepted message SIMVXDFDJ5J1TTU for agentId=agent-demo-001 providerProfile=null
]]></system-out>
  </testcase>
  <testcase name="acceptsMessageFromAnyAgentWithNoAuthentication" classname="com.jio.rcs.operator.integration.MessageFlowIntegrationTest" time="0.014">
    <system-out><![CDATA[2026-08-01 22:12:37.076 [main] DEBUG c.j.r.o.processor.MessageProcessor - Accepted message SIM4HCCP7LMQ20M for agentId=any-agent-whatsoever providerProfile=null
]]></system-out>
  </testcase>
  <testcase name="acceptsTheExactRealCarouselPayloadReportedByTheUser" classname="com.jio.rcs.operator.integration.MessageFlowIntegrationTest" time="0.0">
    <system-out><![CDATA[2026-08-01 22:12:37.076 [main] DEBUG c.j.r.o.processor.MessageProcessor - Accepted message SIMOVM7CLC08ZWZ for agentId=agent3232 providerProfile=null
]]></system-out>
  </testcase>
  <testcase name="malformedJsonReturns400NotA500" classname="com.jio.rcs.operator.integration.MessageFlowIntegrationTest" time="0.003">
    <system-out><![CDATA[2026-08-01 22:12:37.095 [main] WARN  c.j.r.o.e.GlobalExceptionHandler - Malformed request body for POST /v1/messages: JSON parse error: Cannot construct instance of `java.util.ArrayList` (although at least one Creator exists): no String-argument constructor/factory method to deserialize from String value ('919999999999')
]]></system-out>
  </testcase>
</testsuite>