<?xml version="1.0" encoding="UTF-8"?>
<testsuite xmlns:xsi="http://www.w3.org/2001/XMLSchema-instance" xsi:noNamespaceSchemaLocation="https://maven.apache.org/surefire/maven-surefire-plugin/xsd/surefire-test-report-3.0.xsd" version="3.0" name="com.jio.rcs.operator.integration.MultiInstanceWireRoutingIntegrationTest" time="1.217" tests="9" errors="0" skipped="0" failures="0">
  <properties>
[...]
</properties>
  <testcase name="stagingPrefixedViRouteAcceptsRequest" classname="com.jio.rcs.operator.integration.MultiInstanceWireRoutingIntegrationTest" time="0.026">
    <system-out><![CDATA[2026-08-01 22:12:38.170 [main] INFO  o.s.t.c.s.AnnotationConfigContextLoaderUtils - Could not detect default configuration classes for test class [com.jio.rcs.operator.integration.MultiInstanceWireRoutingIntegrationTest]: MultiInstanceWireRoutingIntegrationTest does not declare any static, non-private, non-final, nested classes annotated with @Configuration.
2026-08-01 22:12:38.174 [main] INFO  o.s.b.t.c.SpringBootTestContextBootstrapper - Found @SpringBootConfiguration com.jio.rcs.operator.RcsSimulatorApplication for test class com.jio.rcs.operator.integration.MultiInstanceWireRoutingIntegrationTest

  .   ____          _            __ _ _
 /\\ / ___'_ __ _ _(_)_ __  __ _ \ \ \ \
( ( )\___ | '_ | '_| | '_ \/ _` | \ \ \ \
 \\/  ___)| |_)| | | | | || (_| |  ) ) ) )
  '  |____| .__|_| |_|_| |_\__, | / / / /
 =========|_|==============|___/=/_/_/_/

 :: Spring Boot ::                (v3.3.4)

2026-08-01 22:12:38.225 [main] INFO  c.j.r.o.i.MultiInstanceWireRoutingIntegrationTest - Starting MultiInstanceWireRoutingIntegrationTest using Java 21.0.11 with PID 6680 (started by Navjot Singh in C:\Users\Navjot Singh\project\RCS Simulator)
2026-08-01 22:12:38.226 [main] DEBUG c.j.r.o.i.MultiInstanceWireRoutingIntegrationTest - Running with Spring Boot v3.3.4, Spring v6.1.13
2026-08-01 22:12:38.226 [main] INFO  c.j.r.o.i.MultiInstanceWireRoutingIntegrationTest - No active profile set, falling back to 1 default profile: "default"
2026-08-01 22:12:38.854 [dlr-queue-dispatcher-13] DEBUG c.j.r.o.processor.DlrQueueConsumer - DLR: message SIMQ60ZTOVXVJPZ transitioned QUEUED -> SUBMITTED
2026-08-01 22:12:38.907 [main] INFO  c.j.r.o.s.TimingWheelScheduler - Timing wheel scheduler started: wheelSize=512 tickDurationMillis=100 workerCount=16 (one revolution spans 51200ms)
2026-08-01 22:12:38.919 [main] INFO  c.j.r.o.queue.InMemoryQueueService - Started 512 virtual-thread dispatcher(s) for queue 'callback-queue' on its own dedicated executor
2026-08-01 22:12:38.922 [main] INFO  c.j.r.o.c.i.InstanceConfigLoader - Loading instance configuration from src\test\resources\instances
2026-08-01 22:12:38.929 [main] INFO  c.j.r.o.c.i.InstanceConfigLoader - Loaded instance: cerf
2026-08-01 22:12:38.931 [main] INFO  c.j.r.o.c.i.InstanceConfigLoader - Loaded instance: dev
2026-08-01 22:12:38.932 [main] INFO  c.j.r.o.c.i.InstanceConfigLoader - Loaded instance: staging
2026-08-01 22:12:38.932 [main] INFO  c.j.r.o.c.i.InstanceConfigLoader - Loaded 3 CPaaS instance configuration(s)
2026-08-01 22:12:38.935 [dlr-queue-dispatcher-10] DEBUG c.j.r.o.processor.DlrQueueConsumer - DLR: message SIM2QB16O5RA3MP transitioned QUEUED -> SUBMITTED
2026-08-01 22:12:38.940 [dlr-queue-dispatcher-14] DEBUG c.j.r.o.processor.DlrQueueConsumer - DLR: message SIMBMPMG749F9M8 transitioned QUEUED -> SUBMITTED
2026-08-01 22:12:38.945 [dlr-queue-dispatcher-15] DEBUG c.j.r.o.processor.DlrQueueConsumer - DLR: message SIMP3OEZO5HHX98 transitioned QUEUED -> SUBMITTED
2026-08-01 22:12:38.949 [dlr-queue-dispatcher-18] DEBUG c.j.r.o.processor.DlrQueueConsumer - DLR: message SIMAWTQ9W19M8IH transitioned QUEUED -> SUBMITTED
2026-08-01 22:12:38.954 [main] INFO  c.j.r.o.queue.InMemoryQueueService - Started 512 virtual-thread dispatcher(s) for queue 'dlr-queue' on its own dedicated executor
2026-08-01 22:12:38.970 [main] INFO  c.j.r.o.queue.InMemoryQueueService - Started 2000 virtual-thread dispatcher(s) for queue 'incoming-queue' on its own dedicated executor
2026-08-01 22:12:38.972 [main] INFO  c.j.r.o.queue.InMemoryQueueService - Started 256 virtual-thread dispatcher(s) for queue 'processing-queue' on its own dedicated executor
2026-08-01 22:12:38.976 [main] INFO  c.j.r.o.queue.InMemoryQueueService - Started 256 virtual-thread dispatcher(s) for queue 'validation-queue' on its own dedicated executor
2026-08-01 22:12:39.033 [dlr-queue-dispatcher-19] DEBUG c.j.r.o.processor.DlrQueueConsumer - DLR: message SIM9JQZFSM40C83 transitioned QUEUED -> SUBMITTED
2026-08-01 22:12:39.071 [dlr-queue-dispatcher-0] DEBUG c.j.r.o.processor.DlrQueueConsumer - DLR: message SIMM6NV03NJ9X7O transitioned ACCEPTED -> QUEUED
2026-08-01 22:12:39.127 [main] INFO  o.s.b.t.m.w.SpringBootMockServletContext - Initializing Spring TestDispatcherServlet ''
2026-08-01 22:12:39.128 [main] INFO  o.s.t.w.s.TestDispatcherServlet - Initializing Servlet ''
2026-08-01 22:12:39.129 [main] INFO  o.s.t.w.s.TestDispatcherServlet - Completed initialization in 1 ms
2026-08-01 22:12:39.135 [dlr-queue-dispatcher-16] DEBUG c.j.r.o.processor.DlrQueueConsumer - DLR: message SIM4HCCP7LMQ20M transitioned QUEUED -> SUBMITTED
2026-08-01 22:12:39.136 [dlr-queue-dispatcher-16] DEBUG c.j.r.o.processor.DlrQueueConsumer - DLR: message SIMVXDFDJ5J1TTU transitioned QUEUED -> SUBMITTED
2026-08-01 22:12:39.137 [dlr-queue-dispatcher-20] DEBUG c.j.r.o.processor.DlrQueueConsumer - DLR: message SIMOVM7CLC08ZWZ transitioned QUEUED -> SUBMITTED
2026-08-01 22:12:39.137 [dlr-queue-dispatcher-20] DEBUG c.j.r.o.processor.DlrQueueConsumer - DLR: message SIMZAKTOHZETRH5 transitioned QUEUED -> SUBMITTED
2026-08-01 22:12:39.137 [dlr-queue-dispatcher-20] DEBUG c.j.r.o.processor.DlrQueueConsumer - DLR: message SIM3V38G6XWI1EO transitioned QUEUED -> SUBMITTED
2026-08-01 22:12:39.138 [main] INFO  c.j.r.o.i.MultiInstanceWireRoutingIntegrationTest - Started MultiInstanceWireRoutingIntegrationTest in 0.96 seconds (process running for 9.506)
2026-08-01 22:12:39.139 [main] INFO  c.j.r.o.c.QueueWorkerConfigReporter - Queue Worker Configuration
  Incoming    : 2000
  Validation  : 256
  Processing  : 256
  DLR         : 512
  Callback    : 512
  Scheduler   : 16
2026-08-01 22:12:39.164 [main] INFO  c.j.r.o.wire.CallbackUrlResolver - Resolved wire callback: instance=staging provider=vi callbackUrl=https://webhook.cpaas.globeteleservices.com/api/rcs/webhook/vi
2026-08-01 22:12:39.164 [main] DEBUG c.j.r.o.processor.MessageProcessor - Accepted message SIMVED8F3JEZRCU for agentId=null providerProfile=vi
]]></system-out>
  </testcase>
  <testcase name="selfDesignedMessagesEndpointIsUnaffectedByMultiInstanceRouting" classname="com.jio.rcs.operator.integration.MultiInstanceWireRoutingIntegrationTest" time="0.03">
    <system-out><![CDATA[2026-08-01 22:12:39.187 [main] DEBUG c.j.r.o.processor.MessageProcessor - Accepted message SIM10UDWWTB065U for agentId=agent-multi-instance-test providerProfile=null
]]></system-out>
  </testcase>
  <testcase name="cerfPrefixedViRouteAcceptsRequest" classname="com.jio.rcs.operator.integration.MultiInstanceWireRoutingIntegrationTest" time="0.007">
    <system-out><![CDATA[2026-08-01 22:12:39.207 [main] INFO  c.j.r.o.wire.CallbackUrlResolver - Resolved wire callback: instance=cerf provider=vi callbackUrl=https://webhook.cerfsolutions.com/api/rcs/webhook/vi
2026-08-01 22:12:39.207 [main] DEBUG c.j.r.o.processor.MessageProcessor - Accepted message SIMTY62WR5EVQWW for agentId=null providerProfile=vi
]]></system-out>
  </testcase>
  <testcase name="devPrefixedJioRouteAcceptsRequestAndPreservesCpaasMessageId" classname="com.jio.rcs.operator.integration.MultiInstanceWireRoutingIntegrationTest" time="0.066">
    <system-out><![CDATA[2026-08-01 22:12:39.277 [main] INFO  c.j.r.o.wire.CallbackUrlResolver - Resolved wire callback: instance=dev provider=jio callbackUrl=https://webhook.gtsstaging.com/api/rcs/webhook/jio
2026-08-01 22:12:39.277 [main] DEBUG c.j.r.o.processor.MessageProcessor - Accepted message dev_jio_msg_001 for agentId=null providerProfile=jio
]]></system-out>
  </testcase>
  <testcase name="devPrefixedViRouteAcceptsRequestJustLikeLegacyRoute" classname="com.jio.rcs.operator.integration.MultiInstanceWireRoutingIntegrationTest" time="0.009">
    <system-out><![CDATA[2026-08-01 22:12:39.299 [main] INFO  c.j.r.o.wire.CallbackUrlResolver - Resolved wire callback: instance=dev provider=vi callbackUrl=https://webhook.gtsstaging.com/api/rcs/webhook/vi
2026-08-01 22:12:39.299 [main] DEBUG c.j.r.o.processor.MessageProcessor - Accepted message SIMFUN14BO1FXON for agentId=null providerProfile=vi
]]></system-out>
  </testcase>
  <testcase name="legacyUnprefixedRouteStillWorksUnchangedAlongsideMultiInstanceRoutes" classname="com.jio.rcs.operator.integration.MultiInstanceWireRoutingIntegrationTest" time="0.008">
    <system-out><![CDATA[2026-08-01 22:12:39.306 [main] DEBUG c.j.r.o.processor.MessageProcessor - Accepted message SIMVVPDZNCM018S for agentId=null providerProfile=vi
]]></system-out>
  </testcase>
  <testcase name="unknownInstanceIsRejectedImmediatelyWithNotFound" classname="com.jio.rcs.operator.integration.MultiInstanceWireRoutingIntegrationTest" time="0.012">
    <system-out><![CDATA[2026-08-01 22:12:39.321 [main] WARN  c.j.r.o.e.GlobalExceptionHandler - Provider exception [UNKNOWN_WIRE_INSTANCE]: Unknown wire instance 'unknown' - no operator.instances.unknown.* configuration found
]]></system-out>
  </testcase>
  <testcase name="differentInstancesHitDifferentAirtelRoutesIndependently" classname="com.jio.rcs.operator.integration.MultiInstanceWireRoutingIntegrationTest" time="0.03">
    <system-out><![CDATA[2026-08-01 22:12:39.336 [main] INFO  c.j.r.o.wire.CallbackUrlResolver - Resolved wire callback: instance=dev provider=airtel callbackUrl=https://webhook.gtsstaging.com/api/rcs/webhook/airtel
2026-08-01 22:12:39.337 [main] DEBUG c.j.r.o.processor.MessageProcessor - Accepted message SIM6YLSCENWXE6Q for agentId=null providerProfile=airtel
2026-08-01 22:12:39.347 [main] INFO  c.j.r.o.wire.CallbackUrlResolver - Resolved wire callback: instance=staging provider=airtel callbackUrl=https://webhook.cpaas.globeteleservices.com/api/rcs/webhook/airtel
2026-08-01 22:12:39.349 [main] DEBUG c.j.r.o.processor.MessageProcessor - Accepted message SIMV01MQF5HIDU8 for agentId=null providerProfile=airtel
2026-08-01 22:12:39.357 [main] INFO  c.j.r.o.wire.CallbackUrlResolver - Resolved wire callback: instance=cerf provider=airtel callbackUrl=https://webhook.cerfsolutions.com/api/rcs/webhook/airtel
2026-08-01 22:12:39.357 [main] DEBUG c.j.r.o.processor.MessageProcessor - Accepted message SIMCS6G6HCZNJQR for agentId=null providerProfile=airtel
]]></system-out>
  </testcase>
  <testcase name="cerfPrefixedJioRouteAcceptsRequestAndPreservesCpaasMessageId" classname="com.jio.rcs.operator.integration.MultiInstanceWireRoutingIntegrationTest" time="0.019">
    <system-out><![CDATA[2026-08-01 22:12:39.377 [main] INFO  c.j.r.o.wire.CallbackUrlResolver - Resolved wire callback: instance=cerf provider=jio callbackUrl=https://webhook.cerfsolutions.com/api/rcs/webhook/jio
2026-08-01 22:12:39.377 [main] DEBUG c.j.r.o.processor.MessageProcessor - Accepted message cerf_jio_msg_001 for agentId=null providerProfile=jio
]]></system-out>
  </testcase>
</testsuite>